2025-05-08 08:57:55,644 - INFO - ======================================================================
2025-05-08 08:57:55,644 - INFO - ================ ADDING QUERY SEQUENCES TO HYP GRAPH =================
2025-05-08 08:57:55,645 - INFO - ======================================================================
2025-05-08 08:57:55,645 - INFO - Checking for Caudoviricetes unprocessed data.
2025-05-08 08:57:55,646 - INFO - Found Caudoviricetes unprocessed data at /home/biolinux/.cache/ViruLink/Caudoviricetes
2025-05-08 08:57:55,646 - INFO - Checking for Herviviricetes unprocessed data.
2025-05-08 08:57:55,646 - INFO - Found Herviviricetes unprocessed data at /home/biolinux/.cache/ViruLink/Herviviricetes
2025-05-08 08:57:55,646 - INFO - Checking for Monjiviricetes unprocessed data.
2025-05-08 08:57:55,646 - INFO - Found Monjiviricetes unprocessed data at /home/biolinux/.cache/ViruLink/Monjiviricetes
2025-05-08 08:57:55,646 - INFO - Found VOGDB unprocessed data at /home/biolinux/.cache/ViruLink/VOGDB
2025-05-08 08:57:55,703 - INFO - blasting query against VOGDB
2025-05-08 08:57:55,703 - INFO - Running command: diamond makedb --in '/home/biolinux/.cache/ViruLink/VOGDB/vogdb_merged.faa' --db '/home/biolinux/.cache/ViruLink/VOGDB/VOGDB'
2025-05-08 08:57:55,709 - INFO - diamond v2.1.11.165 (C) Max Planck Society for the Advancement of Science, Benjamin Buchfink, University of Tuebingen
2025-05-08 08:57:55,709 - INFO - Documentation, support and updates available at http://www.diamondsearch.org
2025-05-08 08:57:55,709 - INFO - Please cite: http://dx.doi.org/10.1038/s41592-021-01101-x Nature Methods (2021)
2025-05-08 08:57:55,709 - INFO - 
2025-05-08 08:57:55,709 - INFO - #CPU threads: 48
2025-05-08 08:57:55,709 - INFO - Scoring parameters: (Matrix=BLOSUM62 Lambda=0.267 K=0.041 Penalties=11/1)
2025-05-08 08:57:55,712 - INFO - Database input file: /home/biolinux/.cache/ViruLink/VOGDB/vogdb_merged.faa
2025-05-08 08:57:55,720 - INFO - Opening the database file...  [0.008s]
2025-05-08 08:57:55,886 - INFO - Loading sequences...  [0.165s]
2025-05-08 08:57:55,943 - INFO - Masking sequences...  [0.056s]
2025-05-08 08:57:55,961 - INFO - Writing sequences...  [0.018s]
2025-05-08 08:57:55,968 - INFO - Hashing sequences...  [0.006s]
2025-05-08 08:57:55,968 - INFO - Loading sequences...  [0s]
2025-05-08 08:57:55,969 - INFO - Writing trailer...  [0s]
2025-05-08 08:57:55,969 - INFO - Closing the input file...  [0s]
2025-05-08 08:57:56,066 - INFO - Closing the database file...  [0.096s]
2025-05-08 08:57:56,066 - INFO - 
2025-05-08 08:57:56,066 - INFO - Database sequences  60257
2025-05-08 08:57:56,066 - INFO -   Database letters  12854521
2025-05-08 08:57:56,066 - INFO -      Database hash  6c50d057679f9534599d6728e332e246
2025-05-08 08:57:56,066 - INFO -         Total time  0.353000s
2025-05-08 08:57:56,071 - INFO - Command 'diamond makedb --in '/home/biolinux/.cache/ViruLink/VOGDB/vogdb_merged.faa' --db '/home/biolinux/.cache/ViruLink/VOGDB/VOGDB'' completed successfully
2025-05-08 08:57:56,072 - INFO - Created database /home/biolinux/.cache/ViruLink/VOGDB/VOGDB from /home/biolinux/.cache/ViruLink/VOGDB/vogdb_merged.faa
2025-05-08 08:57:56,072 - INFO - Running command: diamond blastx --fast --db '/home/biolinux/.cache/ViruLink/VOGDB/VOGDB' --threads 48 --query '/home/biolinux/Downloads/sequences (2).fasta' --out 'tmp/network.m8' --outfmt 6 qseqid sseqid pident length mismatch gapopen qstart qend sstart send evalue bitscore
2025-05-08 08:57:56,079 - INFO - diamond v2.1.11.165 (C) Max Planck Society for the Advancement of Science, Benjamin Buchfink, University of Tuebingen
2025-05-08 08:57:56,079 - INFO - Documentation, support and updates available at http://www.diamondsearch.org
2025-05-08 08:57:56,079 - INFO - Please cite: http://dx.doi.org/10.1038/s41592-021-01101-x Nature Methods (2021)
2025-05-08 08:57:56,079 - INFO - 
2025-05-08 08:57:56,079 - INFO - #CPU threads: 48
2025-05-08 08:57:56,079 - INFO - Scoring parameters: (Matrix=BLOSUM62 Lambda=0.267 K=0.041 Penalties=11/1)
2025-05-08 08:57:56,082 - INFO - Temporary directory: tmp
2025-05-08 08:57:56,082 - INFO - #Target sequences to report alignments for: 25
2025-05-08 08:57:56,106 - INFO - Opening the database...  [0.024s]
2025-05-08 08:57:56,107 - INFO - Database: /home/biolinux/.cache/ViruLink/VOGDB/VOGDB (type: Diamond database, sequences: 60257, letters: 12854521)
2025-05-08 08:57:56,107 - INFO - Block size = 2000000000
2025-05-08 08:57:56,141 - INFO - Opening the input file...  [0.034s]
2025-05-08 08:57:56,141 - INFO - Opening the output file...  [0s]
2025-05-08 08:57:56,923 - INFO - Loading query sequences...  [0.781s]
2025-05-08 08:57:57,615 - INFO - Masking queries...  [0.692s]
2025-05-08 08:57:57,615 - INFO - Algorithm: Double-indexed
2025-05-08 08:57:57,735 - INFO - Building query histograms...  [0.12s]
2025-05-08 08:57:57,736 - INFO - Seeking in database...  [0s]
2025-05-08 08:57:57,771 - INFO - Loading reference sequences...  [0.035s]
2025-05-08 08:57:57,837 - INFO - Masking reference...  [0.066s]
2025-05-08 08:57:57,838 - INFO - Initializing temporary storage...  [0s]
2025-05-08 08:57:57,884 - INFO - Building reference histograms...  [0.046s]
2025-05-08 08:57:57,884 - INFO - Allocating buffers...  [0s]
2025-05-08 08:57:57,884 - INFO - Processing query block 1, reference block 1/1, shape 1/1, index chunk 1/4.
2025-05-08 08:57:57,912 - INFO - Building reference seed array...  [0.027s]
2025-05-08 08:57:57,979 - INFO - Building query seed array...  [0.067s]
2025-05-08 08:57:57,994 - INFO - Computing hash join...  [0.014s]
2025-05-08 08:57:57,996 - INFO - Masking low complexity seeds...  [0.001s]
2025-05-08 08:57:58,013 - INFO - Searching alignments...  [0.015s]
2025-05-08 08:57:58,013 - INFO - Deallocating memory...  [0s]
2025-05-08 08:57:58,013 - INFO - Processing query block 1, reference block 1/1, shape 1/1, index chunk 2/4.
2025-05-08 08:57:58,038 - INFO - Building reference seed array...  [0.025s]
2025-05-08 08:57:58,100 - INFO - Building query seed array...  [0.061s]
2025-05-08 08:57:58,116 - INFO - Computing hash join...  [0.015s]
2025-05-08 08:57:58,118 - INFO - Masking low complexity seeds...  [0.001s]
2025-05-08 08:57:58,128 - INFO - Searching alignments...  [0.01s]
2025-05-08 08:57:58,128 - INFO - Deallocating memory...  [0s]
2025-05-08 08:57:58,129 - INFO - Processing query block 1, reference block 1/1, shape 1/1, index chunk 3/4.
2025-05-08 08:57:58,154 - INFO - Building reference seed array...  [0.025s]
2025-05-08 08:57:58,220 - INFO - Building query seed array...  [0.066s]
2025-05-08 08:57:58,236 - INFO - Computing hash join...  [0.015s]
2025-05-08 08:57:58,238 - INFO - Masking low complexity seeds...  [0.001s]
2025-05-08 08:57:58,251 - INFO - Searching alignments...  [0.012s]
2025-05-08 08:57:58,251 - INFO - Deallocating memory...  [0s]
2025-05-08 08:57:58,251 - INFO - Processing query block 1, reference block 1/1, shape 1/1, index chunk 4/4.
2025-05-08 08:57:58,279 - INFO - Building reference seed array...  [0.027s]
2025-05-08 08:57:58,339 - INFO - Building query seed array...  [0.06s]
2025-05-08 08:57:58,353 - INFO - Computing hash join...  [0.013s]
2025-05-08 08:57:58,355 - INFO - Masking low complexity seeds...  [0.002s]
2025-05-08 08:57:58,369 - INFO - Searching alignments...  [0.013s]
2025-05-08 08:57:58,369 - INFO - Deallocating memory...  [0s]
2025-05-08 08:57:58,376 - INFO - Deallocating buffers...  [0.006s]
2025-05-08 08:57:58,390 - INFO - Clearing query masking...  [0.013s]
2025-05-08 08:58:11,383 - INFO - Computing alignments...  [12.993s]
2025-05-08 08:58:11,383 - INFO - Deallocating reference...  [0s]
2025-05-08 08:58:11,383 - INFO - Loading reference sequences...  [0s]
2025-05-08 08:58:11,383 - INFO - Deallocating buffers...  [0s]
2025-05-08 08:58:11,389 - INFO - Deallocating queries...  [0.005s]
2025-05-08 08:58:11,389 - INFO - Loading query sequences...  [0s]
2025-05-08 08:58:11,392 - INFO - Closing the input file...  [0.002s]
2025-05-08 08:58:11,392 - INFO - Closing the output file...  [0s]
2025-05-08 08:58:11,393 - INFO - Closing the database...  [0.001s]
2025-05-08 08:58:11,393 - INFO - Cleaning up...  [0s]
2025-05-08 08:58:11,393 - INFO - Total time = 15.311s
2025-05-08 08:58:11,393 - INFO - Reported 5266 pairwise alignments, 5266 HSPs.
2025-05-08 08:58:11,394 - INFO - 368 queries aligned.
2025-05-08 08:58:11,490 - INFO - Command 'diamond blastx --fast --db '/home/biolinux/.cache/ViruLink/VOGDB/VOGDB' --threads 48 --query '/home/biolinux/Downloads/sequences (2).fasta' --out 'tmp/network.m8' --outfmt 6 qseqid sseqid pident length mismatch gapopen qstart qend sstart send evalue bitscore' completed successfully
2025-05-08 08:58:11,879 - INFO - ======================================================================
2025-05-08 08:58:11,879 - INFO - ================ ADDING QUERY SEQUENCES TO ANI GRAPH =================
2025-05-08 08:58:11,879 - INFO - ======================================================================
2025-05-08 08:58:11,880 - INFO - Running command: skani sketch -i '/home/biolinux/Downloads/sequences (2).fasta' -o 'tmp/ANI_sketch' --medium -t 48
2025-05-08 08:58:11,885 - INFO - [00:00:00.000] (7ff507c11800) INFO   skani sketch -i /home/biolinux/Downloads/sequences (2).fasta -o tmp/ANI_sketch --medium -t 48
2025-05-08 08:58:11,886 - INFO - [00:00:00.000] (7ff507c11800) INFO   Sketching files...
2025-05-08 08:58:12,176 - INFO - [00:00:00.290] (7ff507c11800) WARN   At least one sequence in file /home/biolinux/Downloads/sequences (2).fasta has < 500 bp. These sequences will be skipped.
2025-05-08 08:58:12,185 - INFO - [00:00:00.294] (7ff504fdc700) INFO   100 sequences sketched.
2025-05-08 08:58:12,186 - INFO - [00:00:00.296] (7ff5051e3700) INFO   200 sequences sketched.
2025-05-08 08:58:12,186 - INFO - [00:00:00.299] (7ff4b79fc700) INFO   300 sequences sketched.
2025-05-08 08:58:12,193 - INFO - [00:00:00.308] (7ff507c11800) INFO   Sketching time: 0.30798233
2025-05-08 08:58:12,197 - INFO - Command 'skani sketch -i '/home/biolinux/Downloads/sequences (2).fasta' -o 'tmp/ANI_sketch' --medium -t 48' completed successfully
2025-05-08 08:58:12,199 - INFO - Running command: skani dist --rl 'tmp/ANI_sketch/sketches.txt' --ql '/home/biolinux/.cache/ViruLink/Herviviricetes/ANI_sketch/sketches.txt' -o 'tmp/query_db_ANI.tsv' -t 48 --medium
2025-05-08 08:58:12,205 - INFO - [00:00:00.000] (7fd0060be800) INFO   skani dist --rl tmp/ANI_sketch/sketches.txt --ql /home/biolinux/.cache/ViruLink/Herviviricetes/ANI_sketch/sketches.txt -o tmp/query_db_ANI.tsv -t 48 --medium
2025-05-08 08:58:12,206 - INFO - [00:00:00.000] (7fd0060be800) INFO   Sketches detected.
2025-05-08 08:58:12,383 - INFO - [00:00:00.177] (7fd0060be800) INFO   Learned ANI mode detected. ANI may be adjusted according to a regression model trained on MAGs.
2025-05-08 08:58:12,383 - INFO - [00:00:00.177] (7fd0060be800) INFO   Full index option detected; generating marker hash table
2025-05-08 08:58:12,386 - INFO - [00:00:00.181] (7fd0060be800) INFO   Full indexing time: 0.003340957
2025-05-08 08:58:12,386 - INFO - [00:00:00.181] (7fd0060be800) INFO   Generating sketch time: 0.18040003
2025-05-08 08:58:12,534 - INFO - [00:00:00.329] (7fcffe7f3700) INFO   100 query sequences processed.
2025-05-08 08:58:12,738 - INFO - [00:00:00.533] (7fd0048ae700) INFO   200 query sequences processed.
2025-05-08 08:58:12,892 - INFO - [00:00:00.687] (7fd004cb3700) INFO   300 query sequences processed.
2025-05-08 08:58:13,068 - INFO - [00:00:00.863] (7fcfff9fc700) INFO   400 query sequences processed.
2025-05-08 08:58:13,220 - INFO - [00:00:01.015] (7fcfff1f8700) INFO   500 query sequences processed.
2025-05-08 08:58:13,373 - INFO - [00:00:01.167] (7fd0050b5700) INFO   600 query sequences processed.
2025-05-08 08:58:13,525 - INFO - [00:00:01.319] (7fcffdfef700) INFO   700 query sequences processed.
2025-05-08 08:58:13,675 - INFO - [00:00:01.470] (7fcffc6b0700) INFO   800 query sequences processed.
2025-05-08 08:58:13,815 - INFO - [00:00:01.609] (7fd005cbb700) INFO   900 query sequences processed.
2025-05-08 08:58:13,961 - INFO - [00:00:01.755] (7fcffcab2700) INFO   1000 query sequences processed.
2025-05-08 08:58:14,109 - INFO - [00:00:01.904] (7fcfff3f9700) INFO   1100 query sequences processed.
2025-05-08 08:58:14,278 - INFO - [00:00:02.072] (7fcffc2ae700) INFO   1200 query sequences processed.
2025-05-08 08:58:14,454 - INFO - [00:00:02.248] (7fcffe7f3700) INFO   1300 query sequences processed.
2025-05-08 08:58:14,605 - INFO - [00:00:02.400] (7fd00429f700) INFO   1400 query sequences processed.
2025-05-08 08:58:14,776 - INFO - [00:00:02.571] (7fcffedf6700) INFO   1500 query sequences processed.
2025-05-08 08:58:15,007 - INFO - [00:00:02.802] (7fcfff7fb700) INFO   1600 query sequences processed.
2025-05-08 08:58:15,135 - INFO - [00:00:02.929] (7fd0060be800) INFO   ANI calculation time: 2.7485418
2025-05-08 08:58:15,305 - INFO - Command 'skani dist --rl 'tmp/ANI_sketch/sketches.txt' --ql '/home/biolinux/.cache/ViruLink/Herviviricetes/ANI_sketch/sketches.txt' -o 'tmp/query_db_ANI.tsv' -t 48 --medium' completed successfully
2025-05-08 08:58:15,652 - INFO - Running command: skani dist --rl 'tmp/ANI_sketch/sketches.txt' --ql 'tmp/ANI_sketch/sketches.txt' -o 'tmp/self_ANI.tsv' -t 48 --medium
2025-05-08 08:58:15,660 - INFO - [00:00:00.000] (7f6713cc1800) INFO   skani dist --rl tmp/ANI_sketch/sketches.txt --ql tmp/ANI_sketch/sketches.txt -o tmp/self_ANI.tsv -t 48 --medium
2025-05-08 08:58:15,660 - INFO - [00:00:00.000] (7f6713cc1800) INFO   Sketches detected.
2025-05-08 08:58:15,689 - INFO - [00:00:00.029] (7f6713cc1800) INFO   Learned ANI mode detected. ANI may be adjusted according to a regression model trained on MAGs.
2025-05-08 08:58:15,690 - INFO - [00:00:00.030] (7f6713cc1800) INFO   Full index option detected; generating marker hash table
2025-05-08 08:58:15,692 - INFO - [00:00:00.032] (7f6713cc1800) INFO   Full indexing time: 0.00232169
2025-05-08 08:58:15,692 - INFO - [00:00:00.032] (7f6713cc1800) INFO   Generating sketch time: 0.03185121
2025-05-08 08:58:15,731 - INFO - [00:00:00.071] (7f67128b6700) INFO   100 query sequences processed.
2025-05-08 08:58:15,894 - INFO - [00:00:00.234] (7f6710a80700) INFO   200 query sequences processed.
2025-05-08 08:58:16,110 - INFO - [00:00:00.450] (7f66ea1f0700) INFO   300 query sequences processed.
2025-05-08 08:58:16,141 - INFO - [00:00:00.481] (7f6713cc1800) INFO   ANI calculation time: 0.4493293
2025-05-08 08:58:16,167 - INFO - Command 'skani dist --rl 'tmp/ANI_sketch/sketches.txt' --ql 'tmp/ANI_sketch/sketches.txt' -o 'tmp/self_ANI.tsv' -t 48 --medium' completed successfully
2025-05-08 08:58:16,269 - INFO - ======================================================================
2025-05-08 08:58:16,270 - INFO - ======================== COMPLETING ANI GRAPH ========================
2025-05-08 08:58:16,270 - INFO - ======================================================================
2025-05-08 08:58:16,442 - INFO - ======================================================================
2025-05-08 08:58:16,443 - INFO - ========================== RUNNING NODE2VEC ==========================
2025-05-08 08:58:16,443 - INFO - ======================================================================
2025-05-08 08:58:25,791 - INFO - collecting all words and their counts
2025-05-08 08:58:25,792 - INFO - PROGRESS: at sentence #0, processed 0 words, keeping 0 word types
2025-05-08 08:58:25,827 - INFO - PROGRESS: at sentence #10000, processed 210000 words, keeping 1754 word types
2025-05-08 08:58:25,862 - INFO - PROGRESS: at sentence #20000, processed 420000 words, keeping 1890 word types
2025-05-08 08:58:25,900 - INFO - PROGRESS: at sentence #30000, processed 630000 words, keeping 1929 word types
2025-05-08 08:58:25,939 - INFO - PROGRESS: at sentence #40000, processed 840000 words, keeping 1944 word types
2025-05-08 08:58:25,979 - INFO - PROGRESS: at sentence #50000, processed 1050000 words, keeping 1948 word types
2025-05-08 08:58:26,019 - INFO - PROGRESS: at sentence #60000, processed 1260000 words, keeping 1959 word types
2025-05-08 08:58:26,059 - INFO - PROGRESS: at sentence #70000, processed 1470000 words, keeping 1969 word types
2025-05-08 08:58:26,099 - INFO - PROGRESS: at sentence #80000, processed 1680000 words, keeping 1969 word types
2025-05-08 08:58:26,139 - INFO - PROGRESS: at sentence #90000, processed 1890000 words, keeping 1981 word types
2025-05-08 08:58:26,178 - INFO - PROGRESS: at sentence #100000, processed 2100000 words, keeping 1989 word types
2025-05-08 08:58:26,219 - INFO - PROGRESS: at sentence #110000, processed 2310000 words, keeping 1989 word types
2025-05-08 08:58:26,258 - INFO - PROGRESS: at sentence #120000, processed 2520000 words, keeping 1994 word types
2025-05-08 08:58:26,298 - INFO - PROGRESS: at sentence #130000, processed 2730000 words, keeping 2004 word types
2025-05-08 08:58:26,338 - INFO - PROGRESS: at sentence #140000, processed 2940000 words, keeping 2017 word types
2025-05-08 08:58:26,377 - INFO - PROGRESS: at sentence #150000, processed 3150000 words, keeping 2019 word types
2025-05-08 08:58:26,417 - INFO - PROGRESS: at sentence #160000, processed 3360000 words, keeping 2023 word types
2025-05-08 08:58:26,456 - INFO - PROGRESS: at sentence #170000, processed 3570000 words, keeping 2027 word types
2025-05-08 08:58:26,495 - INFO - PROGRESS: at sentence #180000, processed 3780000 words, keeping 2027 word types
2025-05-08 08:58:26,534 - INFO - PROGRESS: at sentence #190000, processed 3990000 words, keeping 2027 word types
2025-05-08 08:58:26,573 - INFO - PROGRESS: at sentence #200000, processed 4200000 words, keeping 2027 word types
2025-05-08 08:58:26,584 - INFO - collected 2027 word types from a corpus of 4256700 raw words and 202700 sentences
2025-05-08 08:58:26,584 - INFO - Creating a fresh vocabulary
2025-05-08 08:58:26,592 - INFO - Word2Vec lifecycle event {'msg': 'effective_min_count=0 retains 2027 unique words (100.00% of original 2027, drops 0)', 'datetime': '2025-05-08T08:58:26.590206', 'gensim': '4.3.3', 'python': '3.12.10 | packaged by conda-forge | (main, Apr 10 2025, 22:21:13) [GCC 13.3.0]', 'platform': 'Linux-5.4.0-212-generic-x86_64-with-glibc2.31', 'event': 'prepare_vocab'}
2025-05-08 08:58:26,592 - INFO - Word2Vec lifecycle event {'msg': 'effective_min_count=0 leaves 4256700 word corpus (100.00% of original 4256700, drops 0)', 'datetime': '2025-05-08T08:58:26.592354', 'gensim': '4.3.3', 'python': '3.12.10 | packaged by conda-forge | (main, Apr 10 2025, 22:21:13) [GCC 13.3.0]', 'platform': 'Linux-5.4.0-212-generic-x86_64-with-glibc2.31', 'event': 'prepare_vocab'}
2025-05-08 08:58:26,603 - INFO - deleting the raw counts dictionary of 2027 items
2025-05-08 08:58:26,603 - INFO - sample=0.001 downsamples 0 most-common words
2025-05-08 08:58:26,603 - INFO - Word2Vec lifecycle event {'msg': 'downsampling leaves estimated 4256700 word corpus (100.0%% of prior 4256700)', 'datetime': '2025-05-08T08:58:26.603586', 'gensim': '4.3.3', 'python': '3.12.10 | packaged by conda-forge | (main, Apr 10 2025, 22:21:13) [GCC 13.3.0]', 'platform': 'Linux-5.4.0-212-generic-x86_64-with-glibc2.31', 'event': 'prepare_vocab'}
2025-05-08 08:58:26,622 - INFO - estimated required memory for 2027 words and 64 dimensions: 2051324 bytes
2025-05-08 08:58:26,622 - INFO - resetting layer weights
2025-05-08 08:58:26,623 - INFO - Word2Vec lifecycle event {'update': False, 'trim_rule': 'None', 'datetime': '2025-05-08T08:58:26.623859', 'gensim': '4.3.3', 'python': '3.12.10 | packaged by conda-forge | (main, Apr 10 2025, 22:21:13) [GCC 13.3.0]', 'platform': 'Linux-5.4.0-212-generic-x86_64-with-glibc2.31', 'event': 'build_vocab'}
2025-05-08 08:58:26,624 - INFO - Word2Vec lifecycle event {'msg': 'training model with 48 workers on 2027 vocabulary and 64 features, using sg=1 hs=0 sample=0.001 negative=5 window=5 shrink_windows=True', 'datetime': '2025-05-08T08:58:26.624007', 'gensim': '4.3.3', 'python': '3.12.10 | packaged by conda-forge | (main, Apr 10 2025, 22:21:13) [GCC 13.3.0]', 'platform': 'Linux-5.4.0-212-generic-x86_64-with-glibc2.31', 'event': 'train'}
2025-05-08 08:58:27,646 - INFO - EPOCH 0 - PROGRESS: at 30.29% examples, 1289048 words/s, in_qsize 96, out_qsize 0
2025-05-08 08:58:28,652 - INFO - EPOCH 0 - PROGRESS: at 69.98% examples, 1484886 words/s, in_qsize 95, out_qsize 0
2025-05-08 08:58:29,293 - INFO - EPOCH 0: training on 4256700 raw words (4256700 effective words) took 2.6s, 1607645 effective words/s
2025-05-08 08:58:30,315 - INFO - EPOCH 1 - PROGRESS: at 30.53% examples, 1298125 words/s, in_qsize 95, out_qsize 0
2025-05-08 08:58:31,318 - INFO - EPOCH 1 - PROGRESS: at 70.45% examples, 1495966 words/s, in_qsize 93, out_qsize 2
2025-05-08 08:58:31,968 - INFO - EPOCH 1: training on 4256700 raw words (4256700 effective words) took 2.7s, 1603824 effective words/s
2025-05-08 08:58:32,992 - INFO - EPOCH 2 - PROGRESS: at 31.23% examples, 1323564 words/s, in_qsize 95, out_qsize 1
2025-05-08 08:58:33,997 - INFO - EPOCH 2 - PROGRESS: at 69.51% examples, 1472307 words/s, in_qsize 96, out_qsize 0
2025-05-08 08:58:34,680 - INFO - EPOCH 2: training on 4256700 raw words (4256700 effective words) took 2.7s, 1580778 effective words/s
2025-05-08 08:58:35,703 - INFO - EPOCH 3 - PROGRESS: at 29.82% examples, 1265572 words/s, in_qsize 96, out_qsize 0
2025-05-08 08:58:36,710 - INFO - EPOCH 3 - PROGRESS: at 69.27% examples, 1467723 words/s, in_qsize 96, out_qsize 0
2025-05-08 08:58:37,348 - INFO - EPOCH 3: training on 4256700 raw words (4256700 effective words) took 2.6s, 1607980 effective words/s
2025-05-08 08:58:38,376 - INFO - EPOCH 4 - PROGRESS: at 32.41% examples, 1368080 words/s, in_qsize 95, out_qsize 0
2025-05-08 08:58:39,401 - INFO - EPOCH 4 - PROGRESS: at 73.03% examples, 1528716 words/s, in_qsize 95, out_qsize 1
2025-05-08 08:58:39,980 - INFO - EPOCH 4: training on 4256700 raw words (4256700 effective words) took 2.6s, 1629065 effective words/s
2025-05-08 08:58:39,981 - INFO - Word2Vec lifecycle event {'msg': 'training on 21283500 raw words (21283500 effective words) took 13.4s, 1593386 effective words/s', 'datetime': '2025-05-08T08:58:39.981594', 'gensim': '4.3.3', 'python': '3.12.10 | packaged by conda-forge | (main, Apr 10 2025, 22:21:13) [GCC 13.3.0]', 'platform': 'Linux-5.4.0-212-generic-x86_64-with-glibc2.31', 'event': 'train'}
2025-05-08 08:58:39,981 - INFO - Word2Vec lifecycle event {'params': 'Word2Vec<vocab=2027, vector_size=64, alpha=0.025>', 'datetime': '2025-05-08T08:58:39.981948', 'gensim': '4.3.3', 'python': '3.12.10 | packaged by conda-forge | (main, Apr 10 2025, 22:21:13) [GCC 13.3.0]', 'platform': 'Linux-5.4.0-212-generic-x86_64-with-glibc2.31', 'event': 'created'}
2025-05-08 08:58:45,751 - INFO - collecting all words and their counts
2025-05-08 08:58:45,751 - INFO - PROGRESS: at sentence #0, processed 0 words, keeping 0 word types
2025-05-08 08:58:45,791 - INFO - PROGRESS: at sentence #10000, processed 210000 words, keeping 1990 word types
2025-05-08 08:58:45,830 - INFO - PROGRESS: at sentence #20000, processed 420000 words, keeping 1990 word types
2025-05-08 08:58:45,875 - INFO - PROGRESS: at sentence #30000, processed 630000 words, keeping 2008 word types
2025-05-08 08:58:45,921 - INFO - PROGRESS: at sentence #40000, processed 840000 words, keeping 2008 word types
2025-05-08 08:58:45,967 - INFO - PROGRESS: at sentence #50000, processed 1050000 words, keeping 2008 word types
2025-05-08 08:58:46,013 - INFO - PROGRESS: at sentence #60000, processed 1260000 words, keeping 2008 word types
2025-05-08 08:58:46,059 - INFO - PROGRESS: at sentence #70000, processed 1470000 words, keeping 2010 word types
2025-05-08 08:58:46,105 - INFO - PROGRESS: at sentence #80000, processed 1680000 words, keeping 2010 word types
2025-05-08 08:58:46,152 - INFO - PROGRESS: at sentence #90000, processed 1890000 words, keeping 2010 word types
2025-05-08 08:58:46,198 - INFO - PROGRESS: at sentence #100000, processed 2100000 words, keeping 2014 word types
2025-05-08 08:58:46,244 - INFO - PROGRESS: at sentence #110000, processed 2310000 words, keeping 2014 word types
2025-05-08 08:58:46,289 - INFO - PROGRESS: at sentence #120000, processed 2520000 words, keeping 2014 word types
2025-05-08 08:58:46,335 - INFO - PROGRESS: at sentence #130000, processed 2730000 words, keeping 2014 word types
2025-05-08 08:58:46,380 - INFO - PROGRESS: at sentence #140000, processed 2940000 words, keeping 2014 word types
2025-05-08 08:58:46,425 - INFO - PROGRESS: at sentence #150000, processed 3150000 words, keeping 2016 word types
2025-05-08 08:58:46,470 - INFO - PROGRESS: at sentence #160000, processed 3360000 words, keeping 2016 word types
2025-05-08 08:58:46,515 - INFO - PROGRESS: at sentence #170000, processed 3570000 words, keeping 2016 word types
2025-05-08 08:58:46,567 - INFO - PROGRESS: at sentence #180000, processed 3780000 words, keeping 2016 word types
2025-05-08 08:58:46,611 - INFO - PROGRESS: at sentence #190000, processed 3990000 words, keeping 2016 word types
2025-05-08 08:58:46,652 - INFO - PROGRESS: at sentence #200000, processed 4200000 words, keeping 2016 word types
2025-05-08 08:58:46,659 - INFO - collected 2016 word types from a corpus of 4233600 raw words and 201600 sentences
2025-05-08 08:58:46,659 - INFO - Creating a fresh vocabulary
2025-05-08 08:58:46,665 - INFO - Word2Vec lifecycle event {'msg': 'effective_min_count=0 retains 2016 unique words (100.00% of original 2016, drops 0)', 'datetime': '2025-05-08T08:58:46.665407', 'gensim': '4.3.3', 'python': '3.12.10 | packaged by conda-forge | (main, Apr 10 2025, 22:21:13) [GCC 13.3.0]', 'platform': 'Linux-5.4.0-212-generic-x86_64-with-glibc2.31', 'event': 'prepare_vocab'}
2025-05-08 08:58:46,665 - INFO - Word2Vec lifecycle event {'msg': 'effective_min_count=0 leaves 4233600 word corpus (100.00% of original 4233600, drops 0)', 'datetime': '2025-05-08T08:58:46.665558', 'gensim': '4.3.3', 'python': '3.12.10 | packaged by conda-forge | (main, Apr 10 2025, 22:21:13) [GCC 13.3.0]', 'platform': 'Linux-5.4.0-212-generic-x86_64-with-glibc2.31', 'event': 'prepare_vocab'}
2025-05-08 08:58:46,676 - INFO - deleting the raw counts dictionary of 2016 items
2025-05-08 08:58:46,676 - INFO - sample=0.001 downsamples 0 most-common words
2025-05-08 08:58:46,676 - INFO - Word2Vec lifecycle event {'msg': 'downsampling leaves estimated 4233600 word corpus (100.0%% of prior 4233600)', 'datetime': '2025-05-08T08:58:46.676329', 'gensim': '4.3.3', 'python': '3.12.10 | packaged by conda-forge | (main, Apr 10 2025, 22:21:13) [GCC 13.3.0]', 'platform': 'Linux-5.4.0-212-generic-x86_64-with-glibc2.31', 'event': 'prepare_vocab'}
2025-05-08 08:58:46,694 - INFO - estimated required memory for 2016 words and 64 dimensions: 2040192 bytes
2025-05-08 08:58:46,695 - INFO - resetting layer weights
2025-05-08 08:58:46,696 - INFO - Word2Vec lifecycle event {'update': False, 'trim_rule': 'None', 'datetime': '2025-05-08T08:58:46.696286', 'gensim': '4.3.3', 'python': '3.12.10 | packaged by conda-forge | (main, Apr 10 2025, 22:21:13) [GCC 13.3.0]', 'platform': 'Linux-5.4.0-212-generic-x86_64-with-glibc2.31', 'event': 'build_vocab'}
2025-05-08 08:58:46,696 - INFO - Word2Vec lifecycle event {'msg': 'training model with 48 workers on 2016 vocabulary and 64 features, using sg=1 hs=0 sample=0.001 negative=5 window=5 shrink_windows=True', 'datetime': '2025-05-08T08:58:46.696441', 'gensim': '4.3.3', 'python': '3.12.10 | packaged by conda-forge | (main, Apr 10 2025, 22:21:13) [GCC 13.3.0]', 'platform': 'Linux-5.4.0-212-generic-x86_64-with-glibc2.31', 'event': 'train'}
2025-05-08 08:58:47,725 - INFO - EPOCH 0 - PROGRESS: at 30.22% examples, 1267694 words/s, in_qsize 95, out_qsize 0
2025-05-08 08:58:48,733 - INFO - EPOCH 0 - PROGRESS: at 68.94% examples, 1447424 words/s, in_qsize 95, out_qsize 0
2025-05-08 08:58:49,440 - INFO - EPOCH 0: training on 4233600 raw words (4233600 effective words) took 2.7s, 1553973 effective words/s
2025-05-08 08:58:50,461 - INFO - EPOCH 1 - PROGRESS: at 30.22% examples, 1276201 words/s, in_qsize 93, out_qsize 2
2025-05-08 08:58:51,462 - INFO - EPOCH 1 - PROGRESS: at 67.29% examples, 1422027 words/s, in_qsize 94, out_qsize 1
2025-05-08 08:58:52,176 - INFO - EPOCH 1: training on 4233600 raw words (4233600 effective words) took 2.7s, 1558181 effective words/s
2025-05-08 08:58:53,195 - INFO - EPOCH 2 - PROGRESS: at 28.10% examples, 1188614 words/s, in_qsize 96, out_qsize 0
2025-05-08 08:58:54,195 - INFO - EPOCH 2 - PROGRESS: at 67.06% examples, 1418741 words/s, in_qsize 96, out_qsize 0
2025-05-08 08:58:55,000 - INFO - EPOCH 2: training on 4233600 raw words (4233600 effective words) took 2.8s, 1509085 effective words/s
2025-05-08 08:58:56,026 - INFO - EPOCH 3 - PROGRESS: at 28.57% examples, 1206956 words/s, in_qsize 95, out_qsize 0
2025-05-08 08:58:57,039 - INFO - EPOCH 3 - PROGRESS: at 64.93% examples, 1363760 words/s, in_qsize 95, out_qsize 0
2025-05-08 08:58:57,826 - INFO - EPOCH 3: training on 4233600 raw words (4233600 effective words) took 2.8s, 1510660 effective words/s
2025-05-08 08:58:58,863 - INFO - EPOCH 4 - PROGRESS: at 29.28% examples, 1218832 words/s, in_qsize 95, out_qsize 0
2025-05-08 08:58:59,871 - INFO - EPOCH 4 - PROGRESS: at 68.00% examples, 1422219 words/s, in_qsize 94, out_qsize 1
2025-05-08 08:59:00,562 - INFO - EPOCH 4: training on 4233600 raw words (4233600 effective words) took 2.7s, 1558887 effective words/s
2025-05-08 08:59:00,563 - INFO - Word2Vec lifecycle event {'msg': 'training on 21168000 raw words (21168000 effective words) took 13.9s, 1526551 effective words/s', 'datetime': '2025-05-08T08:59:00.563190', 'gensim': '4.3.3', 'python': '3.12.10 | packaged by conda-forge | (main, Apr 10 2025, 22:21:13) [GCC 13.3.0]', 'platform': 'Linux-5.4.0-212-generic-x86_64-with-glibc2.31', 'event': 'train'}
2025-05-08 08:59:00,563 - INFO - Word2Vec lifecycle event {'params': 'Word2Vec<vocab=2016, vector_size=64, alpha=0.025>', 'datetime': '2025-05-08T08:59:00.563618', 'gensim': '4.3.3', 'python': '3.12.10 | packaged by conda-forge | (main, Apr 10 2025, 22:21:13) [GCC 13.3.0]', 'platform': 'Linux-5.4.0-212-generic-x86_64-with-glibc2.31', 'event': 'created'}
2025-05-08 08:59:01,031 - INFO - Using device: cpu
2025-05-08 08:59:01,031 - INFO - Using 48 threads
2025-05-08 08:59:07,946 - INFO - ======================================================================
2025-05-08 08:59:07,946 - INFO - =================== TRAINING ORDTRI EDGE PREDICTOR ===================
2025-05-08 08:59:07,946 - INFO - ======================================================================
2025-05-08 08:59:16,361 - INFO - Ep01  train L=1.000 hit=0.504 acc=0.503   val L=0.459 hit=0.781 acc=0.781
2025-05-08 08:59:24,539 - INFO - Ep02  train L=0.275 hit=0.860 acc=0.864   val L=0.114 hit=0.946 acc=0.946
2025-05-08 08:59:32,464 - INFO - Ep03  train L=0.121 hit=0.947 acc=0.951   val L=0.062 hit=0.967 acc=0.967
2025-05-08 08:59:42,576 - INFO - Ep04  train L=0.080 hit=0.961 acc=0.963   val L=0.043 hit=0.978 acc=0.978
2025-05-08 08:59:50,768 - INFO - Ep05  train L=0.057 hit=0.971 acc=0.973   val L=0.043 hit=0.970 acc=0.970
2025-05-08 08:59:58,748 - INFO - Ep06  train L=0.047 hit=0.977 acc=0.978   val L=0.025 hit=0.987 acc=0.987
2025-05-08 09:00:06,791 - INFO - Ep07  train L=0.036 hit=0.982 acc=0.983   val L=0.020 hit=0.988 acc=0.988
2025-05-08 09:00:18,325 - INFO - Ep08  train L=0.030 hit=0.986 acc=0.987   val L=0.020 hit=0.989 acc=0.989
2025-05-08 09:00:29,223 - INFO - Ep09  train L=0.026 hit=0.988 acc=0.989   val L=0.015 hit=0.992 acc=0.992
2025-05-08 09:00:37,494 - INFO - Ep10  train L=0.023 hit=0.990 acc=0.991   val L=0.015 hit=0.990 acc=0.990
2025-05-08 09:00:38,783 - INFO - ======================================================================
2025-05-08 09:00:38,783 - INFO - ======= VALIDATION CONFUSION MATRIX  (POINT-LABEL EDGES ONLY) ========
2025-05-08 09:00:38,783 - INFO - ======================================================================
2025-05-08 09:01:09,256 - WARNING - Query MZ443650.1 could not find two distinct neighbours – skipped
2025-05-08 09:01:09,377 - WARNING - Query MZ443652.1 could not find two distinct neighbours – skipped
2025-05-08 09:01:09,496 - WARNING - Query MZ443651.1 could not find two distinct neighbours – skipped
2025-05-08 09:01:09,615 - WARNING - Query MZ443653.1 could not find two distinct neighbours – skipped
2025-05-08 09:01:09,735 - WARNING - Query PV477614.1 could not find two distinct neighbours – skipped
2025-05-08 09:01:09,854 - WARNING - Query PV477615.1 could not find two distinct neighbours – skipped
2025-05-08 09:01:09,973 - WARNING - Query PV477616.1 could not find two distinct neighbours – skipped
2025-05-08 09:01:10,092 - WARNING - Query PV477617.1 could not find two distinct neighbours – skipped
2025-05-08 09:01:10,212 - WARNING - Query PV477610.1 could not find two distinct neighbours – skipped
2025-05-08 09:01:10,331 - WARNING - Query PV477611.1 could not find two distinct neighbours – skipped
2025-05-08 09:01:10,450 - WARNING - Query PV477612.1 could not find two distinct neighbours – skipped
2025-05-08 09:01:10,570 - WARNING - Query PV477613.1 could not find two distinct neighbours – skipped
2025-05-08 09:01:27,433 - WARNING - Query PV567552.1 could not find two distinct neighbours – skipped
2025-05-08 09:01:27,555 - WARNING - Query PV567551.1 could not find two distinct neighbours – skipped
2025-05-08 09:01:27,673 - WARNING - Query PV533951.1 could not find two distinct neighbours – skipped
2025-05-08 09:01:28,044 - WARNING - Query PV469414.1 could not find two distinct neighbours – skipped
2025-05-08 09:01:28,166 - WARNING - Query PV392974.1 could not find two distinct neighbours – skipped
2025-05-08 09:01:28,283 - WARNING - Query PV392975.1 could not find two distinct neighbours – skipped
2025-05-08 09:01:28,405 - WARNING - Query MZ322593.1 could not find two distinct neighbours – skipped
2025-05-08 09:01:28,523 - WARNING - Query MZ322600.1 could not find two distinct neighbours – skipped
2025-05-08 09:01:28,645 - WARNING - Query MZ322601.1 could not find two distinct neighbours – skipped
2025-05-08 09:01:28,763 - WARNING - Query MZ322602.1 could not find two distinct neighbours – skipped
2025-05-08 09:01:28,885 - WARNING - Query MW925691.1 could not find two distinct neighbours – skipped
2025-05-08 09:01:29,003 - WARNING - Query MW925692.1 could not find two distinct neighbours – skipped
2025-05-08 09:01:29,124 - WARNING - Query MZ322597.1 could not find two distinct neighbours – skipped
2025-05-08 09:01:29,242 - WARNING - Query MZ322598.1 could not find two distinct neighbours – skipped
2025-05-08 09:01:29,364 - WARNING - Query MZ322599.1 could not find two distinct neighbours – skipped
2025-05-08 09:01:29,482 - WARNING - Query MZ322603.1 could not find two distinct neighbours – skipped
2025-05-08 09:01:29,604 - WARNING - Query MZ322604.1 could not find two distinct neighbours – skipped
2025-05-08 09:01:29,722 - WARNING - Query MZ322594.1 could not find two distinct neighbours – skipped
2025-05-08 09:01:29,844 - WARNING - Query MZ322595.1 could not find two distinct neighbours – skipped
2025-05-08 09:01:29,962 - WARNING - Query MZ322596.1 could not find two distinct neighbours – skipped
2025-05-08 09:01:30,084 - WARNING - Query MZ322605.1 could not find two distinct neighbours – skipped
2025-05-08 09:01:30,201 - WARNING - Query MZ322606.1 could not find two distinct neighbours – skipped
2025-05-08 09:01:30,323 - WARNING - Query PV492004.1 could not find two distinct neighbours – skipped
2025-05-08 09:01:30,441 - WARNING - Query PV492005.1 could not find two distinct neighbours – skipped
2025-05-08 09:01:30,563 - WARNING - Query PV492006.1 could not find two distinct neighbours – skipped
2025-05-08 09:01:30,681 - WARNING - Query PV492007.1 could not find two distinct neighbours – skipped
2025-05-08 09:01:30,803 - WARNING - Query PV492008.1 could not find two distinct neighbours – skipped
2025-05-08 09:01:30,921 - WARNING - Query PV492009.1 could not find two distinct neighbours – skipped
2025-05-08 09:01:31,043 - WARNING - Query PV492010.1 could not find two distinct neighbours – skipped
2025-05-08 09:01:31,161 - WARNING - Query PV492011.1 could not find two distinct neighbours – skipped
2025-05-08 09:01:31,164 - INFO - ======================================================================
2025-05-08 09:01:31,164 - INFO - ======================= CLASSIFICATION RESULTS =======================
2025-05-08 09:01:31,164 - INFO - ======================================================================
2025-05-08 09:01:31,560 - INFO - Deleting temporary files in tmp
