2025-05-08 09:33:25,331 - INFO - ======================================================================
2025-05-08 09:33:25,331 - INFO - ================ ADDING QUERY SEQUENCES TO HYP GRAPH =================
2025-05-08 09:33:25,331 - INFO - ======================================================================
2025-05-08 09:33:25,332 - INFO - Checking for Caudoviricetes unprocessed data.
2025-05-08 09:33:25,332 - INFO - Found Caudoviricetes unprocessed data at /home/biolinux/.cache/ViruLink/Caudoviricetes
2025-05-08 09:33:25,332 - INFO - Checking for Herviviricetes unprocessed data.
2025-05-08 09:33:25,332 - INFO - Found Herviviricetes unprocessed data at /home/biolinux/.cache/ViruLink/Herviviricetes
2025-05-08 09:33:25,332 - INFO - Checking for Monjiviricetes unprocessed data.
2025-05-08 09:33:25,332 - INFO - Found Monjiviricetes unprocessed data at /home/biolinux/.cache/ViruLink/Monjiviricetes
2025-05-08 09:33:25,332 - INFO - Found VOGDB unprocessed data at /home/biolinux/.cache/ViruLink/VOGDB
2025-05-08 09:33:25,392 - INFO - blasting query against VOGDB
2025-05-08 09:33:25,392 - INFO - Running command: diamond makedb --in '/home/biolinux/.cache/ViruLink/VOGDB/vogdb_merged.faa' --db '/home/biolinux/.cache/ViruLink/VOGDB/VOGDB'
2025-05-08 09:33:25,398 - INFO - diamond v2.1.11.165 (C) Max Planck Society for the Advancement of Science, Benjamin Buchfink, University of Tuebingen
2025-05-08 09:33:25,398 - INFO - Documentation, support and updates available at http://www.diamondsearch.org
2025-05-08 09:33:25,398 - INFO - Please cite: http://dx.doi.org/10.1038/s41592-021-01101-x Nature Methods (2021)
2025-05-08 09:33:25,398 - INFO - 
2025-05-08 09:33:25,398 - INFO - #CPU threads: 48
2025-05-08 09:33:25,399 - INFO - Scoring parameters: (Matrix=BLOSUM62 Lambda=0.267 K=0.041 Penalties=11/1)
2025-05-08 09:33:25,401 - INFO - Database input file: /home/biolinux/.cache/ViruLink/VOGDB/vogdb_merged.faa
2025-05-08 09:33:25,409 - INFO - Opening the database file...  [0.007s]
2025-05-08 09:33:25,581 - INFO - Loading sequences...  [0.171s]
2025-05-08 09:33:25,638 - INFO - Masking sequences...  [0.057s]
2025-05-08 09:33:25,657 - INFO - Writing sequences...  [0.018s]
2025-05-08 09:33:25,664 - INFO - Hashing sequences...  [0.007s]
2025-05-08 09:33:25,664 - INFO - Loading sequences...  [0s]
2025-05-08 09:33:25,664 - INFO - Writing trailer...  [0s]
2025-05-08 09:33:25,664 - INFO - Closing the input file...  [0s]
2025-05-08 09:33:25,707 - INFO - Closing the database file...  [0.042s]
2025-05-08 09:33:25,707 - INFO - 
2025-05-08 09:33:25,707 - INFO - Database sequences  60257
2025-05-08 09:33:25,707 - INFO -   Database letters  12854521
2025-05-08 09:33:25,707 - INFO -      Database hash  6c50d057679f9534599d6728e332e246
2025-05-08 09:33:25,707 - INFO -         Total time  0.305000s
2025-05-08 09:33:25,712 - INFO - Command 'diamond makedb --in '/home/biolinux/.cache/ViruLink/VOGDB/vogdb_merged.faa' --db '/home/biolinux/.cache/ViruLink/VOGDB/VOGDB'' completed successfully
2025-05-08 09:33:25,712 - INFO - Created database /home/biolinux/.cache/ViruLink/VOGDB/VOGDB from /home/biolinux/.cache/ViruLink/VOGDB/vogdb_merged.faa
2025-05-08 09:33:25,712 - INFO - Running command: diamond blastx --fast --db '/home/biolinux/.cache/ViruLink/VOGDB/VOGDB' --threads 48 --query '/home/biolinux/Downloads/ena_i_presume.fasta' --out 'tmp/network.m8' --outfmt 6 qseqid sseqid pident length mismatch gapopen qstart qend sstart send evalue bitscore
2025-05-08 09:33:25,719 - INFO - diamond v2.1.11.165 (C) Max Planck Society for the Advancement of Science, Benjamin Buchfink, University of Tuebingen
2025-05-08 09:33:25,719 - INFO - Documentation, support and updates available at http://www.diamondsearch.org
2025-05-08 09:33:25,719 - INFO - Please cite: http://dx.doi.org/10.1038/s41592-021-01101-x Nature Methods (2021)
2025-05-08 09:33:25,719 - INFO - 
2025-05-08 09:33:25,719 - INFO - #CPU threads: 48
2025-05-08 09:33:25,719 - INFO - Scoring parameters: (Matrix=BLOSUM62 Lambda=0.267 K=0.041 Penalties=11/1)
2025-05-08 09:33:25,722 - INFO - Temporary directory: tmp
2025-05-08 09:33:25,722 - INFO - #Target sequences to report alignments for: 25
2025-05-08 09:33:25,746 - INFO - Opening the database...  [0.023s]
2025-05-08 09:33:25,746 - INFO - Database: /home/biolinux/.cache/ViruLink/VOGDB/VOGDB (type: Diamond database, sequences: 60257, letters: 12854521)
2025-05-08 09:33:25,746 - INFO - Block size = 2000000000
2025-05-08 09:33:25,746 - INFO - Opening the input file...  [0s]
2025-05-08 09:33:25,746 - INFO - Opening the output file...  [0s]
2025-05-08 09:33:25,747 - INFO - Loading query sequences...  [0.001s]
2025-05-08 09:33:25,758 - INFO - Masking queries...  [0.011s]
2025-05-08 09:33:25,759 - INFO - Algorithm: Double-indexed
2025-05-08 09:33:25,764 - INFO - Building query histograms...  [0.005s]
2025-05-08 09:33:25,764 - INFO - Seeking in database...  [0s]
2025-05-08 09:33:25,803 - INFO - Loading reference sequences...  [0.039s]
2025-05-08 09:33:25,857 - INFO - Masking reference...  [0.053s]
2025-05-08 09:33:25,858 - INFO - Initializing temporary storage...  [0s]
2025-05-08 09:33:25,894 - INFO - Building reference histograms...  [0.036s]
2025-05-08 09:33:25,894 - INFO - Allocating buffers...  [0s]
2025-05-08 09:33:25,894 - INFO - Processing query block 1, reference block 1/1, shape 1/1, index chunk 1/4.
2025-05-08 09:33:25,926 - INFO - Building reference seed array...  [0.031s]
2025-05-08 09:33:25,930 - INFO - Building query seed array...  [0.004s]
2025-05-08 09:33:25,935 - INFO - Computing hash join...  [0.004s]
2025-05-08 09:33:25,937 - INFO - Masking low complexity seeds...  [0.001s]
2025-05-08 09:33:25,949 - INFO - Searching alignments...  [0.011s]
2025-05-08 09:33:25,949 - INFO - Deallocating memory...  [0s]
2025-05-08 09:33:25,949 - INFO - Processing query block 1, reference block 1/1, shape 1/1, index chunk 2/4.
2025-05-08 09:33:25,977 - INFO - Building reference seed array...  [0.027s]
2025-05-08 09:33:25,981 - INFO - Building query seed array...  [0.004s]
2025-05-08 09:33:25,985 - INFO - Computing hash join...  [0.003s]
2025-05-08 09:33:25,987 - INFO - Masking low complexity seeds...  [0.001s]
2025-05-08 09:33:25,993 - INFO - Searching alignments...  [0.005s]
2025-05-08 09:33:25,993 - INFO - Deallocating memory...  [0s]
2025-05-08 09:33:25,993 - INFO - Processing query block 1, reference block 1/1, shape 1/1, index chunk 3/4.
2025-05-08 09:33:26,023 - INFO - Building reference seed array...  [0.029s]
2025-05-08 09:33:26,027 - INFO - Building query seed array...  [0.004s]
2025-05-08 09:33:26,031 - INFO - Computing hash join...  [0.004s]
2025-05-08 09:33:26,034 - INFO - Masking low complexity seeds...  [0.002s]
2025-05-08 09:33:26,039 - INFO - Searching alignments...  [0.004s]
2025-05-08 09:33:26,039 - INFO - Deallocating memory...  [0s]
2025-05-08 09:33:26,039 - INFO - Processing query block 1, reference block 1/1, shape 1/1, index chunk 4/4.
2025-05-08 09:33:26,064 - INFO - Building reference seed array...  [0.025s]
2025-05-08 09:33:26,069 - INFO - Building query seed array...  [0.004s]
2025-05-08 09:33:26,073 - INFO - Computing hash join...  [0.004s]
2025-05-08 09:33:26,076 - INFO - Masking low complexity seeds...  [0.002s]
2025-05-08 09:33:26,080 - INFO - Searching alignments...  [0.004s]
2025-05-08 09:33:26,080 - INFO - Deallocating memory...  [0s]
2025-05-08 09:33:26,083 - INFO - Deallocating buffers...  [0.002s]
2025-05-08 09:33:26,083 - INFO - Clearing query masking...  [0s]
2025-05-08 09:33:26,107 - INFO - Computing alignments...  [0.023s]
2025-05-08 09:33:26,108 - INFO - Deallocating reference...  [0.001s]
2025-05-08 09:33:26,108 - INFO - Loading reference sequences...  [0s]
2025-05-08 09:33:26,108 - INFO - Deallocating buffers...  [0s]
2025-05-08 09:33:26,108 - INFO - Deallocating queries...  [0s]
2025-05-08 09:33:26,108 - INFO - Loading query sequences...  [0s]
2025-05-08 09:33:26,108 - INFO - Closing the input file...  [0s]
2025-05-08 09:33:26,108 - INFO - Closing the output file...  [0s]
2025-05-08 09:33:26,109 - INFO - Closing the database...  [0.001s]
2025-05-08 09:33:26,110 - INFO - Cleaning up...  [0s]
2025-05-08 09:33:26,110 - INFO - Total time = 0.387s
2025-05-08 09:33:26,110 - INFO - Reported 16 pairwise alignments, 16 HSPs.
2025-05-08 09:33:26,110 - INFO - 1 queries aligned.
2025-05-08 09:33:26,113 - INFO - Command 'diamond blastx --fast --db '/home/biolinux/.cache/ViruLink/VOGDB/VOGDB' --threads 48 --query '/home/biolinux/Downloads/ena_i_presume.fasta' --out 'tmp/network.m8' --outfmt 6 qseqid sseqid pident length mismatch gapopen qstart qend sstart send evalue bitscore' completed successfully
2025-05-08 09:33:26,430 - INFO - ======================================================================
2025-05-08 09:33:26,431 - INFO - ================ ADDING QUERY SEQUENCES TO ANI GRAPH =================
2025-05-08 09:33:26,431 - INFO - ======================================================================
2025-05-08 09:33:26,432 - INFO - Running command: skani sketch -i '/home/biolinux/Downloads/ena_i_presume.fasta' -o 'tmp/ANI_sketch' --medium -t 48
2025-05-08 09:33:26,437 - INFO - [00:00:00.000] (7ff84aac5800) INFO   skani sketch -i /home/biolinux/Downloads/ena_i_presume.fasta -o tmp/ANI_sketch --medium -t 48
2025-05-08 09:33:26,437 - INFO - [00:00:00.000] (7ff84aac5800) INFO   Sketching files...
2025-05-08 09:33:26,438 - INFO - [00:00:00.000] (7ff84aac5800) INFO   Sketching time: 0.00075756
2025-05-08 09:33:26,439 - INFO - Command 'skani sketch -i '/home/biolinux/Downloads/ena_i_presume.fasta' -o 'tmp/ANI_sketch' --medium -t 48' completed successfully
2025-05-08 09:33:26,440 - INFO - Running command: skani dist --rl 'tmp/ANI_sketch/sketches.txt' --ql '/home/biolinux/.cache/ViruLink/Herviviricetes/ANI_sketch/sketches.txt' -o 'tmp/query_db_ANI.tsv' -t 48 --medium
2025-05-08 09:33:26,446 - INFO - [00:00:00.000] (7fef180ab800) INFO   skani dist --rl tmp/ANI_sketch/sketches.txt --ql /home/biolinux/.cache/ViruLink/Herviviricetes/ANI_sketch/sketches.txt -o tmp/query_db_ANI.tsv -t 48 --medium
2025-05-08 09:33:26,446 - INFO - [00:00:00.000] (7fef180ab800) INFO   Sketches detected.
2025-05-08 09:33:26,616 - INFO - [00:00:00.170] (7fef180ab800) INFO   Learned ANI mode detected. ANI may be adjusted according to a regression model trained on MAGs.
2025-05-08 09:33:26,616 - INFO - [00:00:00.170] (7fef180ab800) INFO   Full index option detected; generating marker hash table
2025-05-08 09:33:26,616 - INFO - [00:00:00.170] (7fef180ab800) INFO   Full indexing time: 0.000039151
2025-05-08 09:33:26,616 - INFO - [00:00:00.170] (7fef180ab800) INFO   Generating sketch time: 0.16974436
2025-05-08 09:33:26,616 - INFO - [00:00:00.171] (7fef1567a700) INFO   100 query sequences processed.
2025-05-08 09:33:26,616 - INFO - [00:00:00.171] (7feeef7fb700) INFO   200 query sequences processed.
2025-05-08 09:33:26,617 - INFO - [00:00:00.171] (7fef14456700) INFO   300 query sequences processed.
2025-05-08 09:33:26,617 - INFO - [00:00:00.171] (7fef17aa7700) INFO   400 query sequences processed.
2025-05-08 09:33:26,617 - INFO - [00:00:00.171] (7feeef9fc700) INFO   500 query sequences processed.
2025-05-08 09:33:26,617 - INFO - [00:00:00.171] (7fef17aa7700) INFO   600 query sequences processed.
2025-05-08 09:33:26,617 - INFO - [00:00:00.171] (7fef1485e700) INFO   700 query sequences processed.
2025-05-08 09:33:26,617 - INFO - [00:00:00.171] (7fef17ea9700) INFO   800 query sequences processed.
2025-05-08 09:33:26,617 - INFO - [00:00:00.171] (7feeee9f4700) INFO   900 query sequences processed.
2025-05-08 09:33:26,618 - INFO - [00:00:00.171] (7fef172a3700) INFO   1000 query sequences processed.
2025-05-08 09:33:26,618 - INFO - [00:00:00.172] (7fef1485e700) INFO   1100 query sequences processed.
2025-05-08 09:33:26,618 - INFO - [00:00:00.172] (7feeee3f1700) INFO   1200 query sequences processed.
2025-05-08 09:33:26,618 - INFO - [00:00:00.172] (7feeefbfd700) INFO   1300 query sequences processed.
2025-05-08 09:33:26,618 - INFO - [00:00:00.172] (7fef14c63700) INFO   1400 query sequences processed.
2025-05-08 09:33:26,618 - INFO - [00:00:00.172] (7feeef1f8700) INFO   1500 query sequences processed.
2025-05-08 09:33:26,618 - INFO - [00:00:00.172] (7fef15c83700) INFO   1600 query sequences processed.
2025-05-08 09:33:26,618 - INFO - [00:00:00.172] (7fef180ab800) INFO   ANI calculation time: 0.002124101
2025-05-08 09:33:26,695 - INFO - Command 'skani dist --rl 'tmp/ANI_sketch/sketches.txt' --ql '/home/biolinux/.cache/ViruLink/Herviviricetes/ANI_sketch/sketches.txt' -o 'tmp/query_db_ANI.tsv' -t 48 --medium' completed successfully
2025-05-08 09:33:26,705 - INFO - Running command: skani dist --rl 'tmp/ANI_sketch/sketches.txt' --ql 'tmp/ANI_sketch/sketches.txt' -o 'tmp/self_ANI.tsv' -t 48 --medium
2025-05-08 09:33:26,712 - INFO - [00:00:00.000] (7fdc8d6d1800) INFO   skani dist --rl tmp/ANI_sketch/sketches.txt --ql tmp/ANI_sketch/sketches.txt -o tmp/self_ANI.tsv -t 48 --medium
2025-05-08 09:33:26,712 - INFO - [00:00:00.000] (7fdc8d6d1800) INFO   Sketches detected.
2025-05-08 09:33:26,715 - INFO - [00:00:00.003] (7fdc8d6d1800) INFO   Learned ANI mode detected. ANI may be adjusted according to a regression model trained on MAGs.
2025-05-08 09:33:26,715 - INFO - [00:00:00.003] (7fdc8d6d1800) INFO   Generating sketch time: 0.003696668
2025-05-08 09:33:26,716 - INFO - [00:00:00.004] (7fdc8d6d1800) INFO   ANI calculation time: 0.000843841
2025-05-08 09:33:26,717 - INFO - Command 'skani dist --rl 'tmp/ANI_sketch/sketches.txt' --ql 'tmp/ANI_sketch/sketches.txt' -o 'tmp/self_ANI.tsv' -t 48 --medium' completed successfully
2025-05-08 09:33:26,724 - INFO - ======================================================================
2025-05-08 09:33:26,724 - INFO - ======================== COMPLETING ANI GRAPH ========================
2025-05-08 09:33:26,724 - INFO - ======================================================================
2025-05-08 09:33:26,899 - INFO - ======================================================================
2025-05-08 09:33:26,899 - INFO - ========================== RUNNING NODE2VEC ==========================
2025-05-08 09:33:26,899 - INFO - ======================================================================
2025-05-08 09:33:35,249 - INFO - collecting all words and their counts
2025-05-08 09:33:35,249 - INFO - PROGRESS: at sentence #0, processed 0 words, keeping 0 word types
2025-05-08 09:33:35,286 - INFO - PROGRESS: at sentence #10000, processed 210000 words, keeping 1422 word types
2025-05-08 09:33:35,321 - INFO - PROGRESS: at sentence #20000, processed 420000 words, keeping 1519 word types
2025-05-08 09:33:35,361 - INFO - PROGRESS: at sentence #30000, processed 630000 words, keeping 1541 word types
2025-05-08 09:33:35,400 - INFO - PROGRESS: at sentence #40000, processed 840000 words, keeping 1573 word types
2025-05-08 09:33:35,439 - INFO - PROGRESS: at sentence #50000, processed 1050000 words, keeping 1598 word types
2025-05-08 09:33:35,478 - INFO - PROGRESS: at sentence #60000, processed 1260000 words, keeping 1608 word types
2025-05-08 09:33:35,517 - INFO - PROGRESS: at sentence #70000, processed 1470000 words, keeping 1626 word types
2025-05-08 09:33:35,557 - INFO - PROGRESS: at sentence #80000, processed 1680000 words, keeping 1644 word types
2025-05-08 09:33:35,597 - INFO - PROGRESS: at sentence #90000, processed 1890000 words, keeping 1651 word types
2025-05-08 09:33:35,636 - INFO - PROGRESS: at sentence #100000, processed 2100000 words, keeping 1656 word types
2025-05-08 09:33:35,676 - INFO - PROGRESS: at sentence #110000, processed 2310000 words, keeping 1660 word types
2025-05-08 09:33:35,715 - INFO - PROGRESS: at sentence #120000, processed 2520000 words, keeping 1665 word types
2025-05-08 09:33:35,755 - INFO - PROGRESS: at sentence #130000, processed 2730000 words, keeping 1665 word types
2025-05-08 09:33:35,795 - INFO - PROGRESS: at sentence #140000, processed 2940000 words, keeping 1665 word types
2025-05-08 09:33:35,834 - INFO - PROGRESS: at sentence #150000, processed 3150000 words, keeping 1669 word types
2025-05-08 09:33:35,874 - INFO - PROGRESS: at sentence #160000, processed 3360000 words, keeping 1669 word types
2025-05-08 09:33:35,901 - INFO - collected 1669 word types from a corpus of 3504900 raw words and 166900 sentences
2025-05-08 09:33:35,901 - INFO - Creating a fresh vocabulary
2025-05-08 09:33:35,908 - INFO - Word2Vec lifecycle event {'msg': 'effective_min_count=0 retains 1669 unique words (100.00% of original 1669, drops 0)', 'datetime': '2025-05-08T09:33:35.906303', 'gensim': '4.3.3', 'python': '3.12.10 | packaged by conda-forge | (main, Apr 10 2025, 22:21:13) [GCC 13.3.0]', 'platform': 'Linux-5.4.0-212-generic-x86_64-with-glibc2.31', 'event': 'prepare_vocab'}
2025-05-08 09:33:35,908 - INFO - Word2Vec lifecycle event {'msg': 'effective_min_count=0 leaves 3504900 word corpus (100.00% of original 3504900, drops 0)', 'datetime': '2025-05-08T09:33:35.908768', 'gensim': '4.3.3', 'python': '3.12.10 | packaged by conda-forge | (main, Apr 10 2025, 22:21:13) [GCC 13.3.0]', 'platform': 'Linux-5.4.0-212-generic-x86_64-with-glibc2.31', 'event': 'prepare_vocab'}
2025-05-08 09:33:35,918 - INFO - deleting the raw counts dictionary of 1669 items
2025-05-08 09:33:35,919 - INFO - sample=0.001 downsamples 0 most-common words
2025-05-08 09:33:35,919 - INFO - Word2Vec lifecycle event {'msg': 'downsampling leaves estimated 3504900 word corpus (100.0%% of prior 3504900)', 'datetime': '2025-05-08T09:33:35.919168', 'gensim': '4.3.3', 'python': '3.12.10 | packaged by conda-forge | (main, Apr 10 2025, 22:21:13) [GCC 13.3.0]', 'platform': 'Linux-5.4.0-212-generic-x86_64-with-glibc2.31', 'event': 'prepare_vocab'}
2025-05-08 09:33:35,934 - INFO - estimated required memory for 1669 words and 64 dimensions: 1689028 bytes
2025-05-08 09:33:35,934 - INFO - resetting layer weights
2025-05-08 09:33:35,936 - INFO - Word2Vec lifecycle event {'update': False, 'trim_rule': 'None', 'datetime': '2025-05-08T09:33:35.936042', 'gensim': '4.3.3', 'python': '3.12.10 | packaged by conda-forge | (main, Apr 10 2025, 22:21:13) [GCC 13.3.0]', 'platform': 'Linux-5.4.0-212-generic-x86_64-with-glibc2.31', 'event': 'build_vocab'}
2025-05-08 09:33:35,936 - INFO - Word2Vec lifecycle event {'msg': 'training model with 48 workers on 1669 vocabulary and 64 features, using sg=1 hs=0 sample=0.001 negative=5 window=5 shrink_windows=True', 'datetime': '2025-05-08T09:33:35.936199', 'gensim': '4.3.3', 'python': '3.12.10 | packaged by conda-forge | (main, Apr 10 2025, 22:21:13) [GCC 13.3.0]', 'platform': 'Linux-5.4.0-212-generic-x86_64-with-glibc2.31', 'event': 'train'}
2025-05-08 09:33:36,971 - INFO - EPOCH 0 - PROGRESS: at 34.79% examples, 1201354 words/s, in_qsize 95, out_qsize 0
2025-05-08 09:33:37,974 - INFO - EPOCH 0 - PROGRESS: at 84.42% examples, 1466163 words/s, in_qsize 55, out_qsize 0
2025-05-08 09:33:38,268 - INFO - EPOCH 0: training on 3504900 raw words (3504900 effective words) took 2.3s, 1516347 effective words/s
2025-05-08 09:33:39,303 - INFO - EPOCH 1 - PROGRESS: at 34.79% examples, 1203715 words/s, in_qsize 96, out_qsize 0
2025-05-08 09:33:40,325 - INFO - EPOCH 1 - PROGRESS: at 82.71% examples, 1424175 words/s, in_qsize 59, out_qsize 2
2025-05-08 09:33:40,608 - INFO - EPOCH 1: training on 3504900 raw words (3504900 effective words) took 2.3s, 1511627 effective words/s
2025-05-08 09:33:41,630 - INFO - EPOCH 2 - PROGRESS: at 34.79% examples, 1216625 words/s, in_qsize 93, out_qsize 2
2025-05-08 09:33:42,634 - INFO - EPOCH 2 - PROGRESS: at 82.42% examples, 1440427 words/s, in_qsize 62, out_qsize 0
2025-05-08 09:33:42,958 - INFO - EPOCH 2: training on 3504900 raw words (3504900 effective words) took 2.3s, 1504319 effective words/s
2025-05-08 09:33:43,997 - INFO - EPOCH 3 - PROGRESS: at 36.51% examples, 1276776 words/s, in_qsize 95, out_qsize 0
2025-05-08 09:33:45,001 - INFO - EPOCH 3 - PROGRESS: at 83.28% examples, 1454409 words/s, in_qsize 59, out_qsize 0
2025-05-08 09:33:45,297 - INFO - EPOCH 3: training on 3504900 raw words (3504900 effective words) took 2.3s, 1522432 effective words/s
2025-05-08 09:33:46,329 - INFO - EPOCH 4 - PROGRESS: at 37.93% examples, 1311485 words/s, in_qsize 95, out_qsize 0
2025-05-08 09:33:47,332 - INFO - EPOCH 4 - PROGRESS: at 89.27% examples, 1551736 words/s, in_qsize 38, out_qsize 1
2025-05-08 09:33:47,515 - INFO - EPOCH 4: training on 3504900 raw words (3504900 effective words) took 2.2s, 1593140 effective words/s
2025-05-08 09:33:47,516 - INFO - Word2Vec lifecycle event {'msg': 'training on 17524500 raw words (17524500 effective words) took 11.6s, 1513339 effective words/s', 'datetime': '2025-05-08T09:33:47.516420', 'gensim': '4.3.3', 'python': '3.12.10 | packaged by conda-forge | (main, Apr 10 2025, 22:21:13) [GCC 13.3.0]', 'platform': 'Linux-5.4.0-212-generic-x86_64-with-glibc2.31', 'event': 'train'}
2025-05-08 09:33:47,516 - INFO - Word2Vec lifecycle event {'params': 'Word2Vec<vocab=1669, vector_size=64, alpha=0.025>', 'datetime': '2025-05-08T09:33:47.516861', 'gensim': '4.3.3', 'python': '3.12.10 | packaged by conda-forge | (main, Apr 10 2025, 22:21:13) [GCC 13.3.0]', 'platform': 'Linux-5.4.0-212-generic-x86_64-with-glibc2.31', 'event': 'created'}
2025-05-08 09:33:52,257 - INFO - collecting all words and their counts
2025-05-08 09:33:52,257 - INFO - PROGRESS: at sentence #0, processed 0 words, keeping 0 word types
2025-05-08 09:33:52,292 - INFO - PROGRESS: at sentence #10000, processed 210000 words, keeping 1600 word types
2025-05-08 09:33:52,329 - INFO - PROGRESS: at sentence #20000, processed 420000 words, keeping 1641 word types
2025-05-08 09:33:52,371 - INFO - PROGRESS: at sentence #30000, processed 630000 words, keeping 1641 word types
2025-05-08 09:33:52,411 - INFO - PROGRESS: at sentence #40000, processed 840000 words, keeping 1641 word types
2025-05-08 09:33:52,452 - INFO - PROGRESS: at sentence #50000, processed 1050000 words, keeping 1652 word types
2025-05-08 09:33:52,493 - INFO - PROGRESS: at sentence #60000, processed 1260000 words, keeping 1652 word types
2025-05-08 09:33:52,534 - INFO - PROGRESS: at sentence #70000, processed 1470000 words, keeping 1652 word types
2025-05-08 09:33:52,575 - INFO - PROGRESS: at sentence #80000, processed 1680000 words, keeping 1654 word types
2025-05-08 09:33:52,615 - INFO - PROGRESS: at sentence #90000, processed 1890000 words, keeping 1654 word types
2025-05-08 09:33:52,656 - INFO - PROGRESS: at sentence #100000, processed 2100000 words, keeping 1654 word types
2025-05-08 09:33:52,697 - INFO - PROGRESS: at sentence #110000, processed 2310000 words, keeping 1654 word types
2025-05-08 09:33:52,738 - INFO - PROGRESS: at sentence #120000, processed 2520000 words, keeping 1656 word types
2025-05-08 09:33:52,779 - INFO - PROGRESS: at sentence #130000, processed 2730000 words, keeping 1656 word types
2025-05-08 09:33:52,820 - INFO - PROGRESS: at sentence #140000, processed 2940000 words, keeping 1656 word types
2025-05-08 09:33:52,861 - INFO - PROGRESS: at sentence #150000, processed 3150000 words, keeping 1656 word types
2025-05-08 09:33:52,902 - INFO - PROGRESS: at sentence #160000, processed 3360000 words, keeping 1656 word types
2025-05-08 09:33:52,925 - INFO - collected 1656 word types from a corpus of 3477600 raw words and 165600 sentences
2025-05-08 09:33:52,925 - INFO - Creating a fresh vocabulary
2025-05-08 09:33:52,930 - INFO - Word2Vec lifecycle event {'msg': 'effective_min_count=0 retains 1656 unique words (100.00% of original 1656, drops 0)', 'datetime': '2025-05-08T09:33:52.930026', 'gensim': '4.3.3', 'python': '3.12.10 | packaged by conda-forge | (main, Apr 10 2025, 22:21:13) [GCC 13.3.0]', 'platform': 'Linux-5.4.0-212-generic-x86_64-with-glibc2.31', 'event': 'prepare_vocab'}
2025-05-08 09:33:52,930 - INFO - Word2Vec lifecycle event {'msg': 'effective_min_count=0 leaves 3477600 word corpus (100.00% of original 3477600, drops 0)', 'datetime': '2025-05-08T09:33:52.930170', 'gensim': '4.3.3', 'python': '3.12.10 | packaged by conda-forge | (main, Apr 10 2025, 22:21:13) [GCC 13.3.0]', 'platform': 'Linux-5.4.0-212-generic-x86_64-with-glibc2.31', 'event': 'prepare_vocab'}
2025-05-08 09:33:52,939 - INFO - deleting the raw counts dictionary of 1656 items
2025-05-08 09:33:52,939 - INFO - sample=0.001 downsamples 0 most-common words
2025-05-08 09:33:52,939 - INFO - Word2Vec lifecycle event {'msg': 'downsampling leaves estimated 3477600 word corpus (100.0%% of prior 3477600)', 'datetime': '2025-05-08T09:33:52.939954', 'gensim': '4.3.3', 'python': '3.12.10 | packaged by conda-forge | (main, Apr 10 2025, 22:21:13) [GCC 13.3.0]', 'platform': 'Linux-5.4.0-212-generic-x86_64-with-glibc2.31', 'event': 'prepare_vocab'}
2025-05-08 09:33:52,955 - INFO - estimated required memory for 1656 words and 64 dimensions: 1675872 bytes
2025-05-08 09:33:52,955 - INFO - resetting layer weights
2025-05-08 09:33:52,956 - INFO - Word2Vec lifecycle event {'update': False, 'trim_rule': 'None', 'datetime': '2025-05-08T09:33:52.956489', 'gensim': '4.3.3', 'python': '3.12.10 | packaged by conda-forge | (main, Apr 10 2025, 22:21:13) [GCC 13.3.0]', 'platform': 'Linux-5.4.0-212-generic-x86_64-with-glibc2.31', 'event': 'build_vocab'}
2025-05-08 09:33:52,956 - INFO - Word2Vec lifecycle event {'msg': 'training model with 48 workers on 1656 vocabulary and 64 features, using sg=1 hs=0 sample=0.001 negative=5 window=5 shrink_windows=True', 'datetime': '2025-05-08T09:33:52.956635', 'gensim': '4.3.3', 'python': '3.12.10 | packaged by conda-forge | (main, Apr 10 2025, 22:21:13) [GCC 13.3.0]', 'platform': 'Linux-5.4.0-212-generic-x86_64-with-glibc2.31', 'event': 'train'}
2025-05-08 09:33:53,986 - INFO - EPOCH 0 - PROGRESS: at 35.36% examples, 1218412 words/s, in_qsize 94, out_qsize 1
2025-05-08 09:33:54,991 - INFO - EPOCH 0 - PROGRESS: at 83.07% examples, 1434868 words/s, in_qsize 59, out_qsize 0
2025-05-08 09:33:55,274 - INFO - EPOCH 0: training on 3477600 raw words (3477600 effective words) took 2.3s, 1513959 effective words/s
2025-05-08 09:33:56,295 - INFO - EPOCH 1 - PROGRESS: at 34.78% examples, 1207774 words/s, in_qsize 96, out_qsize 0
2025-05-08 09:33:57,301 - INFO - EPOCH 1 - PROGRESS: at 82.50% examples, 1429459 words/s, in_qsize 61, out_qsize 0
2025-05-08 09:33:57,589 - INFO - EPOCH 1: training on 3477600 raw words (3477600 effective words) took 2.3s, 1515079 effective words/s
2025-05-08 09:33:58,614 - INFO - EPOCH 2 - PROGRESS: at 35.36% examples, 1227484 words/s, in_qsize 95, out_qsize 0
2025-05-08 09:33:59,618 - INFO - EPOCH 2 - PROGRESS: at 84.51% examples, 1465539 words/s, in_qsize 54, out_qsize 0
2025-05-08 09:33:59,877 - INFO - EPOCH 2: training on 3477600 raw words (3477600 effective words) took 2.3s, 1535568 effective words/s
2025-05-08 09:34:00,917 - INFO - EPOCH 3 - PROGRESS: at 36.22% examples, 1237948 words/s, in_qsize 94, out_qsize 1
2025-05-08 09:34:01,923 - INFO - EPOCH 3 - PROGRESS: at 82.78% examples, 1422702 words/s, in_qsize 57, out_qsize 3
2025-05-08 09:34:02,197 - INFO - EPOCH 3: training on 3477600 raw words (3477600 effective words) took 2.3s, 1514157 effective words/s
2025-05-08 09:34:03,534 - INFO - EPOCH 4 - PROGRESS: at 33.34% examples, 1151680 words/s, in_qsize 95, out_qsize 0
2025-05-08 09:34:04,536 - INFO - EPOCH 4 - PROGRESS: at 83.64% examples, 1447774 words/s, in_qsize 57, out_qsize 0
2025-05-08 09:34:04,819 - INFO - EPOCH 4: training on 3477600 raw words (3477600 effective words) took 2.3s, 1517292 effective words/s
2025-05-08 09:34:04,819 - INFO - Word2Vec lifecycle event {'msg': 'training on 17388000 raw words (17388000 effective words) took 11.9s, 1465712 effective words/s', 'datetime': '2025-05-08T09:34:04.819929', 'gensim': '4.3.3', 'python': '3.12.10 | packaged by conda-forge | (main, Apr 10 2025, 22:21:13) [GCC 13.3.0]', 'platform': 'Linux-5.4.0-212-generic-x86_64-with-glibc2.31', 'event': 'train'}
2025-05-08 09:34:04,820 - INFO - Word2Vec lifecycle event {'params': 'Word2Vec<vocab=1656, vector_size=64, alpha=0.025>', 'datetime': '2025-05-08T09:34:04.820142', 'gensim': '4.3.3', 'python': '3.12.10 | packaged by conda-forge | (main, Apr 10 2025, 22:21:13) [GCC 13.3.0]', 'platform': 'Linux-5.4.0-212-generic-x86_64-with-glibc2.31', 'event': 'created'}
2025-05-08 09:34:05,237 - INFO - Using device: cpu
2025-05-08 09:34:05,237 - INFO - Using 48 threads
2025-05-08 09:34:11,725 - INFO - ======================================================================
2025-05-08 09:34:11,725 - INFO - =================== TRAINING ORDTRI EDGE PREDICTOR ===================
2025-05-08 09:34:11,726 - INFO - ======================================================================
2025-05-08 09:34:23,125 - INFO - Ep01  train L=1.005 hit=0.491 acc=0.490   val L=0.483 hit=0.728 acc=0.737
2025-05-08 09:34:33,275 - INFO - Ep02  train L=0.299 hit=0.830 acc=0.831   val L=0.172 hit=0.883 acc=0.893
2025-05-08 09:34:43,649 - INFO - Ep03  train L=0.137 hit=0.930 acc=0.932   val L=0.107 hit=0.944 acc=0.947
2025-05-08 09:34:53,330 - INFO - Ep04  train L=0.086 hit=0.958 acc=0.960   val L=0.080 hit=0.961 acc=0.961
2025-05-08 09:35:03,826 - INFO - Ep05  train L=0.063 hit=0.969 acc=0.971   val L=0.069 hit=0.969 acc=0.970
2025-05-08 09:35:14,622 - INFO - Ep06  train L=0.047 hit=0.977 acc=0.979   val L=0.064 hit=0.970 acc=0.972
2025-05-08 09:35:26,079 - INFO - Ep07  train L=0.038 hit=0.981 acc=0.983   val L=0.060 hit=0.971 acc=0.973
2025-05-08 09:35:35,725 - INFO - Ep08  train L=0.031 hit=0.985 acc=0.986   val L=0.058 hit=0.973 acc=0.975
2025-05-08 09:35:47,187 - INFO - Ep09  train L=0.026 hit=0.988 acc=0.989   val L=0.054 hit=0.972 acc=0.974
2025-05-08 09:35:58,648 - INFO - Ep10  train L=0.023 hit=0.989 acc=0.990   val L=0.057 hit=0.973 acc=0.974
2025-05-08 09:36:00,567 - INFO - ======================================================================
2025-05-08 09:36:00,567 - INFO - ======= VALIDATION CONFUSION MATRIX  (POINT-LABEL EDGES ONLY) ========
2025-05-08 09:36:00,567 - INFO - ======================================================================
2025-05-08 09:36:02,490 - WARNING - Query ENA|OX614428|OX614428.1 could not find two distinct neighbours – skipped
2025-05-08 09:36:02,492 - INFO - ======================================================================
2025-05-08 09:36:02,492 - INFO - ======================= CLASSIFICATION RESULTS =======================
2025-05-08 09:36:02,492 - INFO - ======================================================================
2025-05-08 09:36:02,735 - INFO - Deleting temporary files in tmp
