2025-05-08 09:25:59,730 - INFO - ======================================================================
2025-05-08 09:25:59,730 - INFO - ================ ADDING QUERY SEQUENCES TO HYP GRAPH =================
2025-05-08 09:25:59,730 - INFO - ======================================================================
2025-05-08 09:25:59,731 - INFO - Checking for Caudoviricetes unprocessed data.
2025-05-08 09:25:59,731 - INFO - Found Caudoviricetes unprocessed data at /home/biolinux/.cache/ViruLink/Caudoviricetes
2025-05-08 09:25:59,731 - INFO - Checking for Herviviricetes unprocessed data.
2025-05-08 09:25:59,731 - INFO - Found Herviviricetes unprocessed data at /home/biolinux/.cache/ViruLink/Herviviricetes
2025-05-08 09:25:59,731 - INFO - Checking for Monjiviricetes unprocessed data.
2025-05-08 09:25:59,731 - INFO - Found Monjiviricetes unprocessed data at /home/biolinux/.cache/ViruLink/Monjiviricetes
2025-05-08 09:25:59,731 - INFO - Found VOGDB unprocessed data at /home/biolinux/.cache/ViruLink/VOGDB
2025-05-08 09:25:59,790 - INFO - blasting query against VOGDB
2025-05-08 09:25:59,791 - INFO - Running command: diamond makedb --in '/home/biolinux/.cache/ViruLink/VOGDB/vogdb_merged.faa' --db '/home/biolinux/.cache/ViruLink/VOGDB/VOGDB'
2025-05-08 09:25:59,796 - INFO - diamond v2.1.11.165 (C) Max Planck Society for the Advancement of Science, Benjamin Buchfink, University of Tuebingen
2025-05-08 09:25:59,796 - INFO - Documentation, support and updates available at http://www.diamondsearch.org
2025-05-08 09:25:59,796 - INFO - Please cite: http://dx.doi.org/10.1038/s41592-021-01101-x Nature Methods (2021)
2025-05-08 09:25:59,797 - INFO - 
2025-05-08 09:25:59,797 - INFO - #CPU threads: 48
2025-05-08 09:25:59,797 - INFO - Scoring parameters: (Matrix=BLOSUM62 Lambda=0.267 K=0.041 Penalties=11/1)
2025-05-08 09:25:59,799 - INFO - Database input file: /home/biolinux/.cache/ViruLink/VOGDB/vogdb_merged.faa
2025-05-08 09:25:59,807 - INFO - Opening the database file...  [0.008s]
2025-05-08 09:25:59,971 - INFO - Loading sequences...  [0.164s]
2025-05-08 09:26:00,027 - INFO - Masking sequences...  [0.056s]
2025-05-08 09:26:00,045 - INFO - Writing sequences...  [0.018s]
2025-05-08 09:26:00,052 - INFO - Hashing sequences...  [0.006s]
2025-05-08 09:26:00,052 - INFO - Loading sequences...  [0s]
2025-05-08 09:26:00,053 - INFO - Writing trailer...  [0s]
2025-05-08 09:26:00,053 - INFO - Closing the input file...  [0s]
2025-05-08 09:26:00,111 - INFO - Closing the database file...  [0.058s]
2025-05-08 09:26:00,111 - INFO - 
2025-05-08 09:26:00,111 - INFO - Database sequences  60257
2025-05-08 09:26:00,111 - INFO -   Database letters  12854521
2025-05-08 09:26:00,112 - INFO -      Database hash  6c50d057679f9534599d6728e332e246
2025-05-08 09:26:00,112 - INFO -         Total time  0.311000s
2025-05-08 09:26:00,117 - INFO - Command 'diamond makedb --in '/home/biolinux/.cache/ViruLink/VOGDB/vogdb_merged.faa' --db '/home/biolinux/.cache/ViruLink/VOGDB/VOGDB'' completed successfully
2025-05-08 09:26:00,117 - INFO - Created database /home/biolinux/.cache/ViruLink/VOGDB/VOGDB from /home/biolinux/.cache/ViruLink/VOGDB/vogdb_merged.faa
2025-05-08 09:26:00,118 - INFO - Running command: diamond blastx --fast --db '/home/biolinux/.cache/ViruLink/VOGDB/VOGDB' --threads 48 --query '/home/biolinux/Downloads/ena_i_presume.fasta' --out 'tmp/network.m8' --outfmt 6 qseqid sseqid pident length mismatch gapopen qstart qend sstart send evalue bitscore
2025-05-08 09:26:00,125 - INFO - diamond v2.1.11.165 (C) Max Planck Society for the Advancement of Science, Benjamin Buchfink, University of Tuebingen
2025-05-08 09:26:00,125 - INFO - Documentation, support and updates available at http://www.diamondsearch.org
2025-05-08 09:26:00,125 - INFO - Please cite: http://dx.doi.org/10.1038/s41592-021-01101-x Nature Methods (2021)
2025-05-08 09:26:00,125 - INFO - 
2025-05-08 09:26:00,125 - INFO - #CPU threads: 48
2025-05-08 09:26:00,125 - INFO - Scoring parameters: (Matrix=BLOSUM62 Lambda=0.267 K=0.041 Penalties=11/1)
2025-05-08 09:26:00,128 - INFO - Temporary directory: tmp
2025-05-08 09:26:00,128 - INFO - #Target sequences to report alignments for: 25
2025-05-08 09:26:00,152 - INFO - Opening the database...  [0.024s]
2025-05-08 09:26:00,152 - INFO - Database: /home/biolinux/.cache/ViruLink/VOGDB/VOGDB (type: Diamond database, sequences: 60257, letters: 12854521)
2025-05-08 09:26:00,153 - INFO - Block size = 2000000000
2025-05-08 09:26:00,153 - INFO - Opening the input file...  [0s]
2025-05-08 09:26:00,153 - INFO - Opening the output file...  [0s]
2025-05-08 09:26:00,154 - INFO - Loading query sequences...  [0.001s]
2025-05-08 09:26:00,165 - INFO - Masking queries...  [0.01s]
2025-05-08 09:26:00,165 - INFO - Algorithm: Double-indexed
2025-05-08 09:26:00,168 - INFO - Building query histograms...  [0.003s]
2025-05-08 09:26:00,168 - INFO - Seeking in database...  [0s]
2025-05-08 09:26:00,206 - INFO - Loading reference sequences...  [0.037s]
2025-05-08 09:26:00,262 - INFO - Masking reference...  [0.056s]
2025-05-08 09:26:00,263 - INFO - Initializing temporary storage...  [0s]
2025-05-08 09:26:00,300 - INFO - Building reference histograms...  [0.037s]
2025-05-08 09:26:00,300 - INFO - Allocating buffers...  [0s]
2025-05-08 09:26:00,300 - INFO - Processing query block 1, reference block 1/1, shape 1/1, index chunk 1/4.
2025-05-08 09:26:00,326 - INFO - Building reference seed array...  [0.025s]
2025-05-08 09:26:00,330 - INFO - Building query seed array...  [0.004s]
2025-05-08 09:26:00,335 - INFO - Computing hash join...  [0.004s]
2025-05-08 09:26:00,337 - INFO - Masking low complexity seeds...  [0.001s]
2025-05-08 09:26:00,351 - INFO - Searching alignments...  [0.014s]
2025-05-08 09:26:00,352 - INFO - Deallocating memory...  [0s]
2025-05-08 09:26:00,352 - INFO - Processing query block 1, reference block 1/1, shape 1/1, index chunk 2/4.
2025-05-08 09:26:00,387 - INFO - Building reference seed array...  [0.034s]
2025-05-08 09:26:00,390 - INFO - Building query seed array...  [0.003s]
2025-05-08 09:26:00,395 - INFO - Computing hash join...  [0.004s]
2025-05-08 09:26:00,397 - INFO - Masking low complexity seeds...  [0.001s]
2025-05-08 09:26:00,400 - INFO - Searching alignments...  [0.003s]
2025-05-08 09:26:00,400 - INFO - Deallocating memory...  [0s]
2025-05-08 09:26:00,400 - INFO - Processing query block 1, reference block 1/1, shape 1/1, index chunk 3/4.
2025-05-08 09:26:00,434 - INFO - Building reference seed array...  [0.033s]
2025-05-08 09:26:00,440 - INFO - Building query seed array...  [0.005s]
2025-05-08 09:26:00,444 - INFO - Computing hash join...  [0.004s]
2025-05-08 09:26:00,446 - INFO - Masking low complexity seeds...  [0.001s]
2025-05-08 09:26:00,449 - INFO - Searching alignments...  [0.002s]
2025-05-08 09:26:00,449 - INFO - Deallocating memory...  [0s]
2025-05-08 09:26:00,449 - INFO - Processing query block 1, reference block 1/1, shape 1/1, index chunk 4/4.
2025-05-08 09:26:00,481 - INFO - Building reference seed array...  [0.031s]
2025-05-08 09:26:00,485 - INFO - Building query seed array...  [0.004s]
2025-05-08 09:26:00,490 - INFO - Computing hash join...  [0.004s]
2025-05-08 09:26:00,492 - INFO - Masking low complexity seeds...  [0.001s]
2025-05-08 09:26:00,495 - INFO - Searching alignments...  [0.003s]
2025-05-08 09:26:00,496 - INFO - Deallocating memory...  [0s]
2025-05-08 09:26:00,498 - INFO - Deallocating buffers...  [0.002s]
2025-05-08 09:26:00,498 - INFO - Clearing query masking...  [0s]
2025-05-08 09:26:00,521 - INFO - Computing alignments...  [0.022s]
2025-05-08 09:26:00,522 - INFO - Deallocating reference...  [0s]
2025-05-08 09:26:00,522 - INFO - Loading reference sequences...  [0s]
2025-05-08 09:26:00,522 - INFO - Deallocating buffers...  [0s]
2025-05-08 09:26:00,522 - INFO - Deallocating queries...  [0s]
2025-05-08 09:26:00,522 - INFO - Loading query sequences...  [0s]
2025-05-08 09:26:00,522 - INFO - Closing the input file...  [0s]
2025-05-08 09:26:00,522 - INFO - Closing the output file...  [0s]
2025-05-08 09:26:00,523 - INFO - Closing the database...  [0.001s]
2025-05-08 09:26:00,523 - INFO - Cleaning up...  [0s]
2025-05-08 09:26:00,523 - INFO - Total time = 0.395s
2025-05-08 09:26:00,523 - INFO - Reported 16 pairwise alignments, 16 HSPs.
2025-05-08 09:26:00,523 - INFO - 1 queries aligned.
2025-05-08 09:26:00,526 - INFO - Command 'diamond blastx --fast --db '/home/biolinux/.cache/ViruLink/VOGDB/VOGDB' --threads 48 --query '/home/biolinux/Downloads/ena_i_presume.fasta' --out 'tmp/network.m8' --outfmt 6 qseqid sseqid pident length mismatch gapopen qstart qend sstart send evalue bitscore' completed successfully
2025-05-08 09:26:00,858 - INFO - ======================================================================
2025-05-08 09:26:00,858 - INFO - ================ ADDING QUERY SEQUENCES TO ANI GRAPH =================
2025-05-08 09:26:00,859 - INFO - ======================================================================
2025-05-08 09:26:00,860 - INFO - Running command: skani sketch -i '/home/biolinux/Downloads/ena_i_presume.fasta' -o 'tmp/ANI_sketch' --medium -t 48
2025-05-08 09:26:00,867 - INFO - [00:00:00.000] (7f60c3d6a800) INFO   skani sketch -i /home/biolinux/Downloads/ena_i_presume.fasta -o tmp/ANI_sketch --medium -t 48
2025-05-08 09:26:00,867 - INFO - [00:00:00.000] (7f60c3d6a800) INFO   Sketching files...
2025-05-08 09:26:00,868 - INFO - [00:00:00.001] (7f60c3d6a800) INFO   Sketching time: 0.001217818
2025-05-08 09:26:00,869 - INFO - Command 'skani sketch -i '/home/biolinux/Downloads/ena_i_presume.fasta' -o 'tmp/ANI_sketch' --medium -t 48' completed successfully
2025-05-08 09:26:00,870 - INFO - Running command: skani dist --rl 'tmp/ANI_sketch/sketches.txt' --ql '/home/biolinux/.cache/ViruLink/Herviviricetes/ANI_sketch/sketches.txt' -o 'tmp/query_db_ANI.tsv' -t 48 --medium
2025-05-08 09:26:00,877 - INFO - [00:00:00.001] (7feae520b800) INFO   skani dist --rl tmp/ANI_sketch/sketches.txt --ql /home/biolinux/.cache/ViruLink/Herviviricetes/ANI_sketch/sketches.txt -o tmp/query_db_ANI.tsv -t 48 --medium
2025-05-08 09:26:00,878 - INFO - [00:00:00.001] (7feae520b800) INFO   Sketches detected.
2025-05-08 09:26:01,046 - INFO - [00:00:00.169] (7feae520b800) INFO   Learned ANI mode detected. ANI may be adjusted according to a regression model trained on MAGs.
2025-05-08 09:26:01,047 - INFO - [00:00:00.169] (7feae520b800) INFO   Full index option detected; generating marker hash table
2025-05-08 09:26:01,047 - INFO - [00:00:00.170] (7feae520b800) INFO   Full indexing time: 0.000047808
2025-05-08 09:26:01,047 - INFO - [00:00:00.170] (7feae520b800) INFO   Generating sketch time: 0.16895026
2025-05-08 09:26:01,047 - INFO - [00:00:00.170] (7feadfdfe700) INFO   100 query sequences processed.
2025-05-08 09:26:01,047 - INFO - [00:00:00.170] (7feadd1a9700) INFO   200 query sequences processed.
2025-05-08 09:26:01,048 - INFO - [00:00:00.170] (7feadc805700) INFO   300 query sequences processed.
2025-05-08 09:26:01,048 - INFO - [00:00:00.171] (7feae4805700) INFO   400 query sequences processed.
2025-05-08 09:26:01,048 - INFO - [00:00:00.171] (7feadc202700) INFO   500 query sequences processed.
2025-05-08 09:26:01,048 - INFO - [00:00:00.171] (7feaddfc2700) INFO   600 query sequences processed.
2025-05-08 09:26:01,048 - INFO - [00:00:00.171] (7feae4403700) INFO   700 query sequences processed.
2025-05-08 09:26:01,048 - INFO - [00:00:00.171] (7feadebda700) INFO   800 query sequences processed.
2025-05-08 09:26:01,048 - INFO - [00:00:00.171] (7feadca06700) INFO   900 query sequences processed.
2025-05-08 09:26:01,049 - INFO - [00:00:00.171] (7feae4202700) INFO   1000 query sequences processed.
2025-05-08 09:26:01,049 - INFO - [00:00:00.171] (7feae4202700) INFO   1100 query sequences processed.
2025-05-08 09:26:01,049 - INFO - [00:00:00.171] (7feadd1a9700) INFO   1200 query sequences processed.
2025-05-08 09:26:01,049 - INFO - [00:00:00.172] (7feadf5f1700) INFO   1300 query sequences processed.
2025-05-08 09:26:01,049 - INFO - [00:00:00.172] (7feadebda700) INFO   1400 query sequences processed.
2025-05-08 09:26:01,049 - INFO - [00:00:00.172] (7fea871f8700) INFO   1500 query sequences processed.
2025-05-08 09:26:01,050 - INFO - [00:00:00.172] (7feae4202700) INFO   1600 query sequences processed.
2025-05-08 09:26:01,050 - INFO - [00:00:00.172] (7feae520b800) INFO   ANI calculation time: 0.002647316
2025-05-08 09:26:01,130 - INFO - Command 'skani dist --rl 'tmp/ANI_sketch/sketches.txt' --ql '/home/biolinux/.cache/ViruLink/Herviviricetes/ANI_sketch/sketches.txt' -o 'tmp/query_db_ANI.tsv' -t 48 --medium' completed successfully
2025-05-08 09:26:01,140 - INFO - Running command: skani dist --rl 'tmp/ANI_sketch/sketches.txt' --ql 'tmp/ANI_sketch/sketches.txt' -o 'tmp/self_ANI.tsv' -t 48 --medium
2025-05-08 09:26:01,147 - INFO - [00:00:00.000] (7fd8aa6b0800) INFO   skani dist --rl tmp/ANI_sketch/sketches.txt --ql tmp/ANI_sketch/sketches.txt -o tmp/self_ANI.tsv -t 48 --medium
2025-05-08 09:26:01,147 - INFO - [00:00:00.000] (7fd8aa6b0800) INFO   Sketches detected.
2025-05-08 09:26:01,150 - INFO - [00:00:00.003] (7fd8aa6b0800) INFO   Learned ANI mode detected. ANI may be adjusted according to a regression model trained on MAGs.
2025-05-08 09:26:01,151 - INFO - [00:00:00.003] (7fd8aa6b0800) INFO   Generating sketch time: 0.003741475
2025-05-08 09:26:01,152 - INFO - [00:00:00.005] (7fd8aa6b0800) INFO   ANI calculation time: 0.001079885
2025-05-08 09:26:01,153 - INFO - Command 'skani dist --rl 'tmp/ANI_sketch/sketches.txt' --ql 'tmp/ANI_sketch/sketches.txt' -o 'tmp/self_ANI.tsv' -t 48 --medium' completed successfully
2025-05-08 09:26:01,162 - INFO - ======================================================================
2025-05-08 09:26:01,162 - INFO - ======================== COMPLETING ANI GRAPH ========================
2025-05-08 09:26:01,163 - INFO - ======================================================================
2025-05-08 09:26:01,344 - INFO - ======================================================================
2025-05-08 09:26:01,344 - INFO - ========================== RUNNING NODE2VEC ==========================
2025-05-08 09:26:01,344 - INFO - ======================================================================
2025-05-08 09:26:09,285 - INFO - collecting all words and their counts
2025-05-08 09:26:09,285 - INFO - PROGRESS: at sentence #0, processed 0 words, keeping 0 word types
2025-05-08 09:26:09,320 - INFO - PROGRESS: at sentence #10000, processed 210000 words, keeping 1438 word types
2025-05-08 09:26:09,355 - INFO - PROGRESS: at sentence #20000, processed 420000 words, keeping 1542 word types
2025-05-08 09:26:09,393 - INFO - PROGRESS: at sentence #30000, processed 630000 words, keeping 1573 word types
2025-05-08 09:26:09,432 - INFO - PROGRESS: at sentence #40000, processed 840000 words, keeping 1604 word types
2025-05-08 09:26:09,471 - INFO - PROGRESS: at sentence #50000, processed 1050000 words, keeping 1624 word types
2025-05-08 09:26:09,509 - INFO - PROGRESS: at sentence #60000, processed 1260000 words, keeping 1626 word types
2025-05-08 09:26:09,548 - INFO - PROGRESS: at sentence #70000, processed 1470000 words, keeping 1634 word types
2025-05-08 09:26:09,587 - INFO - PROGRESS: at sentence #80000, processed 1680000 words, keeping 1644 word types
2025-05-08 09:26:09,627 - INFO - PROGRESS: at sentence #90000, processed 1890000 words, keeping 1649 word types
2025-05-08 09:26:09,667 - INFO - PROGRESS: at sentence #100000, processed 2100000 words, keeping 1653 word types
2025-05-08 09:26:09,706 - INFO - PROGRESS: at sentence #110000, processed 2310000 words, keeping 1663 word types
2025-05-08 09:26:09,746 - INFO - PROGRESS: at sentence #120000, processed 2520000 words, keeping 1665 word types
2025-05-08 09:26:09,786 - INFO - PROGRESS: at sentence #130000, processed 2730000 words, keeping 1665 word types
2025-05-08 09:26:09,825 - INFO - PROGRESS: at sentence #140000, processed 2940000 words, keeping 1665 word types
2025-05-08 09:26:09,864 - INFO - PROGRESS: at sentence #150000, processed 3150000 words, keeping 1667 word types
2025-05-08 09:26:09,903 - INFO - PROGRESS: at sentence #160000, processed 3360000 words, keeping 1669 word types
2025-05-08 09:26:09,931 - INFO - collected 1669 word types from a corpus of 3504900 raw words and 166900 sentences
2025-05-08 09:26:09,931 - INFO - Creating a fresh vocabulary
2025-05-08 09:26:09,938 - INFO - Word2Vec lifecycle event {'msg': 'effective_min_count=0 retains 1669 unique words (100.00% of original 1669, drops 0)', 'datetime': '2025-05-08T09:26:09.935876', 'gensim': '4.3.3', 'python': '3.12.10 | packaged by conda-forge | (main, Apr 10 2025, 22:21:13) [GCC 13.3.0]', 'platform': 'Linux-5.4.0-212-generic-x86_64-with-glibc2.31', 'event': 'prepare_vocab'}
2025-05-08 09:26:09,938 - INFO - Word2Vec lifecycle event {'msg': 'effective_min_count=0 leaves 3504900 word corpus (100.00% of original 3504900, drops 0)', 'datetime': '2025-05-08T09:26:09.938151', 'gensim': '4.3.3', 'python': '3.12.10 | packaged by conda-forge | (main, Apr 10 2025, 22:21:13) [GCC 13.3.0]', 'platform': 'Linux-5.4.0-212-generic-x86_64-with-glibc2.31', 'event': 'prepare_vocab'}
2025-05-08 09:26:09,947 - INFO - deleting the raw counts dictionary of 1669 items
2025-05-08 09:26:09,947 - INFO - sample=0.001 downsamples 0 most-common words
2025-05-08 09:26:09,948 - INFO - Word2Vec lifecycle event {'msg': 'downsampling leaves estimated 3504900 word corpus (100.0%% of prior 3504900)', 'datetime': '2025-05-08T09:26:09.947992', 'gensim': '4.3.3', 'python': '3.12.10 | packaged by conda-forge | (main, Apr 10 2025, 22:21:13) [GCC 13.3.0]', 'platform': 'Linux-5.4.0-212-generic-x86_64-with-glibc2.31', 'event': 'prepare_vocab'}
2025-05-08 09:26:09,964 - INFO - estimated required memory for 1669 words and 64 dimensions: 1689028 bytes
2025-05-08 09:26:09,964 - INFO - resetting layer weights
2025-05-08 09:26:09,965 - INFO - Word2Vec lifecycle event {'update': False, 'trim_rule': 'None', 'datetime': '2025-05-08T09:26:09.965361', 'gensim': '4.3.3', 'python': '3.12.10 | packaged by conda-forge | (main, Apr 10 2025, 22:21:13) [GCC 13.3.0]', 'platform': 'Linux-5.4.0-212-generic-x86_64-with-glibc2.31', 'event': 'build_vocab'}
2025-05-08 09:26:09,965 - INFO - Word2Vec lifecycle event {'msg': 'training model with 48 workers on 1669 vocabulary and 64 features, using sg=1 hs=0 sample=0.001 negative=5 window=5 shrink_windows=True', 'datetime': '2025-05-08T09:26:09.965514', 'gensim': '4.3.3', 'python': '3.12.10 | packaged by conda-forge | (main, Apr 10 2025, 22:21:13) [GCC 13.3.0]', 'platform': 'Linux-5.4.0-212-generic-x86_64-with-glibc2.31', 'event': 'train'}
2025-05-08 09:26:10,986 - INFO - EPOCH 0 - PROGRESS: at 35.94% examples, 1259328 words/s, in_qsize 95, out_qsize 0
2025-05-08 09:26:11,986 - INFO - EPOCH 0 - PROGRESS: at 86.99% examples, 1524262 words/s, in_qsize 46, out_qsize 1
2025-05-08 09:26:12,199 - INFO - EPOCH 0: training on 3504900 raw words (3504900 effective words) took 2.2s, 1583439 effective words/s
2025-05-08 09:26:13,221 - INFO - EPOCH 1 - PROGRESS: at 36.79% examples, 1288824 words/s, in_qsize 94, out_qsize 1
2025-05-08 09:26:14,223 - INFO - EPOCH 1 - PROGRESS: at 83.85% examples, 1467731 words/s, in_qsize 56, out_qsize 1
2025-05-08 09:26:14,509 - INFO - EPOCH 1: training on 3504900 raw words (3504900 effective words) took 2.3s, 1531369 effective words/s
2025-05-08 09:26:15,532 - INFO - EPOCH 2 - PROGRESS: at 35.94% examples, 1258611 words/s, in_qsize 95, out_qsize 0
2025-05-08 09:26:16,533 - INFO - EPOCH 2 - PROGRESS: at 81.85% examples, 1433508 words/s, in_qsize 64, out_qsize 0
2025-05-08 09:26:16,836 - INFO - EPOCH 2: training on 3504900 raw words (3504900 effective words) took 2.3s, 1521127 effective words/s
2025-05-08 09:26:17,876 - INFO - EPOCH 3 - PROGRESS: at 35.36% examples, 1215296 words/s, in_qsize 95, out_qsize 0
2025-05-08 09:26:18,898 - INFO - EPOCH 3 - PROGRESS: at 84.42% examples, 1449045 words/s, in_qsize 55, out_qsize 0
2025-05-08 09:26:19,164 - INFO - EPOCH 3: training on 3504900 raw words (3504900 effective words) took 2.3s, 1518447 effective words/s
2025-05-08 09:26:20,205 - INFO - EPOCH 4 - PROGRESS: at 36.22% examples, 1246278 words/s, in_qsize 94, out_qsize 1
2025-05-08 09:26:21,210 - INFO - EPOCH 4 - PROGRESS: at 86.42% examples, 1496015 words/s, in_qsize 48, out_qsize 0
2025-05-08 09:26:21,416 - INFO - EPOCH 4: training on 3504900 raw words (3504900 effective words) took 2.2s, 1571559 effective words/s
2025-05-08 09:26:21,417 - INFO - Word2Vec lifecycle event {'msg': 'training on 17524500 raw words (17524500 effective words) took 11.5s, 1530352 effective words/s', 'datetime': '2025-05-08T09:26:21.416995', 'gensim': '4.3.3', 'python': '3.12.10 | packaged by conda-forge | (main, Apr 10 2025, 22:21:13) [GCC 13.3.0]', 'platform': 'Linux-5.4.0-212-generic-x86_64-with-glibc2.31', 'event': 'train'}
2025-05-08 09:26:21,417 - INFO - Word2Vec lifecycle event {'params': 'Word2Vec<vocab=1669, vector_size=64, alpha=0.025>', 'datetime': '2025-05-08T09:26:21.417304', 'gensim': '4.3.3', 'python': '3.12.10 | packaged by conda-forge | (main, Apr 10 2025, 22:21:13) [GCC 13.3.0]', 'platform': 'Linux-5.4.0-212-generic-x86_64-with-glibc2.31', 'event': 'created'}
2025-05-08 09:26:26,236 - INFO - collecting all words and their counts
2025-05-08 09:26:26,236 - INFO - PROGRESS: at sentence #0, processed 0 words, keeping 0 word types
2025-05-08 09:26:26,272 - INFO - PROGRESS: at sentence #10000, processed 210000 words, keeping 1627 word types
2025-05-08 09:26:26,312 - INFO - PROGRESS: at sentence #20000, processed 420000 words, keeping 1636 word types
2025-05-08 09:26:26,357 - INFO - PROGRESS: at sentence #30000, processed 630000 words, keeping 1643 word types
2025-05-08 09:26:26,403 - INFO - PROGRESS: at sentence #40000, processed 840000 words, keeping 1643 word types
2025-05-08 09:26:26,449 - INFO - PROGRESS: at sentence #50000, processed 1050000 words, keeping 1654 word types
2025-05-08 09:26:26,495 - INFO - PROGRESS: at sentence #60000, processed 1260000 words, keeping 1654 word types
2025-05-08 09:26:26,541 - INFO - PROGRESS: at sentence #70000, processed 1470000 words, keeping 1654 word types
2025-05-08 09:26:26,586 - INFO - PROGRESS: at sentence #80000, processed 1680000 words, keeping 1654 word types
2025-05-08 09:26:26,631 - INFO - PROGRESS: at sentence #90000, processed 1890000 words, keeping 1654 word types
2025-05-08 09:26:26,677 - INFO - PROGRESS: at sentence #100000, processed 2100000 words, keeping 1654 word types
2025-05-08 09:26:26,728 - INFO - PROGRESS: at sentence #110000, processed 2310000 words, keeping 1656 word types
2025-05-08 09:26:26,773 - INFO - PROGRESS: at sentence #120000, processed 2520000 words, keeping 1656 word types
2025-05-08 09:26:26,819 - INFO - PROGRESS: at sentence #130000, processed 2730000 words, keeping 1656 word types
2025-05-08 09:26:26,864 - INFO - PROGRESS: at sentence #140000, processed 2940000 words, keeping 1656 word types
2025-05-08 09:26:26,910 - INFO - PROGRESS: at sentence #150000, processed 3150000 words, keeping 1656 word types
2025-05-08 09:26:26,957 - INFO - PROGRESS: at sentence #160000, processed 3360000 words, keeping 1656 word types
2025-05-08 09:26:26,983 - INFO - collected 1656 word types from a corpus of 3477600 raw words and 165600 sentences
2025-05-08 09:26:26,983 - INFO - Creating a fresh vocabulary
2025-05-08 09:26:26,988 - INFO - Word2Vec lifecycle event {'msg': 'effective_min_count=0 retains 1656 unique words (100.00% of original 1656, drops 0)', 'datetime': '2025-05-08T09:26:26.988202', 'gensim': '4.3.3', 'python': '3.12.10 | packaged by conda-forge | (main, Apr 10 2025, 22:21:13) [GCC 13.3.0]', 'platform': 'Linux-5.4.0-212-generic-x86_64-with-glibc2.31', 'event': 'prepare_vocab'}
2025-05-08 09:26:26,988 - INFO - Word2Vec lifecycle event {'msg': 'effective_min_count=0 leaves 3477600 word corpus (100.00% of original 3477600, drops 0)', 'datetime': '2025-05-08T09:26:26.988407', 'gensim': '4.3.3', 'python': '3.12.10 | packaged by conda-forge | (main, Apr 10 2025, 22:21:13) [GCC 13.3.0]', 'platform': 'Linux-5.4.0-212-generic-x86_64-with-glibc2.31', 'event': 'prepare_vocab'}
2025-05-08 09:26:26,997 - INFO - deleting the raw counts dictionary of 1656 items
2025-05-08 09:26:26,997 - INFO - sample=0.001 downsamples 0 most-common words
2025-05-08 09:26:26,997 - INFO - Word2Vec lifecycle event {'msg': 'downsampling leaves estimated 3477600 word corpus (100.0%% of prior 3477600)', 'datetime': '2025-05-08T09:26:26.997843', 'gensim': '4.3.3', 'python': '3.12.10 | packaged by conda-forge | (main, Apr 10 2025, 22:21:13) [GCC 13.3.0]', 'platform': 'Linux-5.4.0-212-generic-x86_64-with-glibc2.31', 'event': 'prepare_vocab'}
2025-05-08 09:26:27,013 - INFO - estimated required memory for 1656 words and 64 dimensions: 1675872 bytes
2025-05-08 09:26:27,013 - INFO - resetting layer weights
2025-05-08 09:26:27,015 - INFO - Word2Vec lifecycle event {'update': False, 'trim_rule': 'None', 'datetime': '2025-05-08T09:26:27.015078', 'gensim': '4.3.3', 'python': '3.12.10 | packaged by conda-forge | (main, Apr 10 2025, 22:21:13) [GCC 13.3.0]', 'platform': 'Linux-5.4.0-212-generic-x86_64-with-glibc2.31', 'event': 'build_vocab'}
2025-05-08 09:26:27,015 - INFO - Word2Vec lifecycle event {'msg': 'training model with 48 workers on 1656 vocabulary and 64 features, using sg=1 hs=0 sample=0.001 negative=5 window=5 shrink_windows=True', 'datetime': '2025-05-08T09:26:27.015265', 'gensim': '4.3.3', 'python': '3.12.10 | packaged by conda-forge | (main, Apr 10 2025, 22:21:13) [GCC 13.3.0]', 'platform': 'Linux-5.4.0-212-generic-x86_64-with-glibc2.31', 'event': 'train'}
2025-05-08 09:26:28,058 - INFO - EPOCH 0 - PROGRESS: at 33.92% examples, 1159654 words/s, in_qsize 95, out_qsize 0
2025-05-08 09:26:29,060 - INFO - EPOCH 0 - PROGRESS: at 79.33% examples, 1366527 words/s, in_qsize 69, out_qsize 3
2025-05-08 09:26:29,415 - INFO - EPOCH 0: training on 3477600 raw words (3477600 effective words) took 2.4s, 1464780 effective words/s
2025-05-08 09:26:30,450 - INFO - EPOCH 1 - PROGRESS: at 33.34% examples, 1144725 words/s, in_qsize 95, out_qsize 1
2025-05-08 09:26:31,454 - INFO - EPOCH 1 - PROGRESS: at 77.90% examples, 1343142 words/s, in_qsize 77, out_qsize 0
2025-05-08 09:26:31,819 - INFO - EPOCH 1: training on 3477600 raw words (3477600 effective words) took 2.4s, 1460081 effective words/s
2025-05-08 09:26:32,840 - INFO - EPOCH 2 - PROGRESS: at 35.36% examples, 1228200 words/s, in_qsize 95, out_qsize 0
2025-05-08 09:26:33,851 - INFO - EPOCH 2 - PROGRESS: at 84.51% examples, 1460258 words/s, in_qsize 53, out_qsize 1
2025-05-08 09:26:34,091 - INFO - EPOCH 2: training on 3477600 raw words (3477600 effective words) took 2.3s, 1543737 effective words/s
2025-05-08 09:26:35,112 - INFO - EPOCH 3 - PROGRESS: at 36.50% examples, 1265846 words/s, in_qsize 95, out_qsize 0
2025-05-08 09:26:36,119 - INFO - EPOCH 3 - PROGRESS: at 86.23% examples, 1492484 words/s, in_qsize 48, out_qsize 0
2025-05-08 09:26:36,354 - INFO - EPOCH 3: training on 3477600 raw words (3477600 effective words) took 2.2s, 1549667 effective words/s
2025-05-08 09:26:37,380 - INFO - EPOCH 4 - PROGRESS: at 37.08% examples, 1282298 words/s, in_qsize 95, out_qsize 0
2025-05-08 09:26:38,386 - INFO - EPOCH 4 - PROGRESS: at 88.24% examples, 1525530 words/s, in_qsize 41, out_qsize 1
2025-05-08 09:26:38,605 - INFO - EPOCH 4: training on 3477600 raw words (3477600 effective words) took 2.2s, 1558736 effective words/s
2025-05-08 09:26:38,606 - INFO - Word2Vec lifecycle event {'msg': 'training on 17388000 raw words (17388000 effective words) took 11.6s, 1500152 effective words/s', 'datetime': '2025-05-08T09:26:38.606304', 'gensim': '4.3.3', 'python': '3.12.10 | packaged by conda-forge | (main, Apr 10 2025, 22:21:13) [GCC 13.3.0]', 'platform': 'Linux-5.4.0-212-generic-x86_64-with-glibc2.31', 'event': 'train'}
2025-05-08 09:26:38,606 - INFO - Word2Vec lifecycle event {'params': 'Word2Vec<vocab=1656, vector_size=64, alpha=0.025>', 'datetime': '2025-05-08T09:26:38.606664', 'gensim': '4.3.3', 'python': '3.12.10 | packaged by conda-forge | (main, Apr 10 2025, 22:21:13) [GCC 13.3.0]', 'platform': 'Linux-5.4.0-212-generic-x86_64-with-glibc2.31', 'event': 'created'}
2025-05-08 09:26:39,119 - INFO - Using device: cpu
2025-05-08 09:26:39,120 - INFO - Using 48 threads
2025-05-08 09:26:46,446 - INFO - ======================================================================
2025-05-08 09:26:46,446 - INFO - =================== TRAINING ORDTRI EDGE PREDICTOR ===================
2025-05-08 09:26:46,446 - INFO - ======================================================================
2025-05-08 09:26:58,087 - INFO - Ep01  train L=1.016 hit=0.510 acc=0.509   val L=0.498 hit=0.727 acc=0.738
2025-05-08 09:27:07,770 - INFO - Ep02  train L=0.293 hit=0.843 acc=0.844   val L=0.261 hit=0.885 acc=0.901
2025-05-08 09:27:15,894 - INFO - Ep03  train L=0.133 hit=0.938 acc=0.940   val L=0.211 hit=0.918 acc=0.933
2025-05-08 09:27:23,954 - INFO - Ep04  train L=0.081 hit=0.961 acc=0.963   val L=0.201 hit=0.928 acc=0.937
2025-05-08 09:27:32,130 - INFO - Ep05  train L=0.058 hit=0.972 acc=0.973   val L=0.213 hit=0.932 acc=0.940
2025-05-08 09:27:40,328 - INFO - Ep06  train L=0.045 hit=0.979 acc=0.981   val L=0.222 hit=0.936 acc=0.943
2025-05-08 09:27:48,359 - INFO - Ep07  train L=0.036 hit=0.983 acc=0.984   val L=0.220 hit=0.940 acc=0.945
2025-05-08 09:27:56,734 - INFO - Ep08  train L=0.030 hit=0.986 acc=0.987   val L=0.229 hit=0.941 acc=0.947
2025-05-08 09:28:04,733 - INFO - Ep09  train L=0.025 hit=0.989 acc=0.990   val L=0.229 hit=0.945 acc=0.951
2025-05-08 09:28:13,711 - INFO - Ep10  train L=0.023 hit=0.989 acc=0.990   val L=0.255 hit=0.941 acc=0.949
2025-05-08 09:28:15,238 - INFO - ======================================================================
2025-05-08 09:28:15,238 - INFO - ======= VALIDATION CONFUSION MATRIX  (POINT-LABEL EDGES ONLY) ========
2025-05-08 09:28:15,238 - INFO - ======================================================================
2025-05-08 09:28:17,043 - WARNING - Query ENA|OX614428|OX614428.1 could not find two distinct neighbours – skipped
2025-05-08 09:28:17,052 - INFO - Deleting temporary files in tmp
