2025-05-08 10:19:23,978 - INFO - Time: 10:19:23 - Running get_paths_dict with inputs: get_paths_dict(databases_loc='/home/biolinux/.cache/ViruLink', classes_df=DataFrame(4 rows x 5 columns))
2025-05-08 10:19:23,978 - INFO - Checking for Caudoviricetes unprocessed data.
2025-05-08 10:19:23,978 - INFO - Found Caudoviricetes unprocessed data at /home/biolinux/.cache/ViruLink/Caudoviricetes
2025-05-08 10:19:23,978 - INFO - Checking for Herviviricetes unprocessed data.
2025-05-08 10:19:23,978 - INFO - Found Herviviricetes unprocessed data at /home/biolinux/.cache/ViruLink/Herviviricetes
2025-05-08 10:19:23,978 - INFO - Checking for Monjiviricetes unprocessed data.
2025-05-08 10:19:23,978 - INFO - Found Monjiviricetes unprocessed data at /home/biolinux/.cache/ViruLink/Monjiviricetes
2025-05-08 10:19:23,978 - INFO - Checking for Leviviricetes unprocessed data.
2025-05-08 10:19:23,978 - INFO - Found Leviviricetes unprocessed data at /home/biolinux/.cache/ViruLink/Leviviricetes
2025-05-08 10:19:23,978 - INFO - Found VOGDB unprocessed data at /home/biolinux/.cache/ViruLink/VOGDB
2025-05-08 10:19:23,978 - INFO - Time: 10:19:23 - get_paths_dict Completed
2025-05-08 10:19:23,978 - INFO - Total time taken: 0.00 seconds
2025-05-08 10:19:23,979 - INFO - ======================================================================
2025-05-08 10:19:23,979 - INFO - =========================== PREPPING VOGDB ===========================
2025-05-08 10:19:23,979 - INFO - ======================================================================
2025-05-08 10:19:23,979 - INFO - Running command: diamond makedb --in '/home/biolinux/.cache/ViruLink/VOGDB/vogdb_merged.faa' --db '/home/biolinux/.cache/ViruLink/VOGDB/VOGDB'
2025-05-08 10:19:23,984 - INFO - diamond v2.1.11.165 (C) Max Planck Society for the Advancement of Science, Benjamin Buchfink, University of Tuebingen
2025-05-08 10:19:23,984 - INFO - Documentation, support and updates available at http://www.diamondsearch.org
2025-05-08 10:19:23,984 - INFO - Please cite: http://dx.doi.org/10.1038/s41592-021-01101-x Nature Methods (2021)
2025-05-08 10:19:23,984 - INFO - 
2025-05-08 10:19:23,984 - INFO - #CPU threads: 48
2025-05-08 10:19:23,984 - INFO - Scoring parameters: (Matrix=BLOSUM62 Lambda=0.267 K=0.041 Penalties=11/1)
2025-05-08 10:19:23,986 - INFO - Database input file: /home/biolinux/.cache/ViruLink/VOGDB/vogdb_merged.faa
2025-05-08 10:19:23,993 - INFO - Opening the database file...  [0.007s]
2025-05-08 10:19:24,160 - INFO - Loading sequences...  [0.166s]
2025-05-08 10:19:24,215 - INFO - Masking sequences...  [0.055s]
2025-05-08 10:19:24,233 - INFO - Writing sequences...  [0.018s]
2025-05-08 10:19:24,239 - INFO - Hashing sequences...  [0.006s]
2025-05-08 10:19:24,240 - INFO - Loading sequences...  [0s]
2025-05-08 10:19:24,240 - INFO - Writing trailer...  [0s]
2025-05-08 10:19:24,240 - INFO - Closing the input file...  [0s]
2025-05-08 10:19:24,330 - INFO - Closing the database file...  [0.089s]
2025-05-08 10:19:24,330 - INFO - 
2025-05-08 10:19:24,330 - INFO - Database sequences  60257
2025-05-08 10:19:24,330 - INFO -   Database letters  12854521
2025-05-08 10:19:24,330 - INFO -      Database hash  6c50d057679f9534599d6728e332e246
2025-05-08 10:19:24,330 - INFO -         Total time  0.343000s
2025-05-08 10:19:24,336 - INFO - Command 'diamond makedb --in '/home/biolinux/.cache/ViruLink/VOGDB/vogdb_merged.faa' --db '/home/biolinux/.cache/ViruLink/VOGDB/VOGDB'' completed successfully
2025-05-08 10:19:24,336 - INFO - Created database /home/biolinux/.cache/ViruLink/VOGDB/VOGDB from /home/biolinux/.cache/ViruLink/VOGDB/vogdb_merged.faa
2025-05-08 10:19:24,337 - INFO - ======================================================================
2025-05-08 10:19:24,337 - INFO - =============== RUNNING VOGDB VS HERVIVIRICETES BLAST ================
2025-05-08 10:19:24,337 - INFO - ======================================================================
2025-05-08 10:19:24,337 - INFO - ======================================================================
2025-05-08 10:19:24,337 - INFO - ================= PROCESSING HERVIVIRICETES M8 FILE ==================
2025-05-08 10:19:24,337 - INFO - ======================================================================
2025-05-08 10:19:24,337 - INFO - Edge list already exists at /home/biolinux/.cache/ViruLink/Herviviricetes/edge_list.txt
2025-05-08 10:19:24,432 - INFO - Hypergeom edges already exist at /home/biolinux/.cache/ViruLink/Herviviricetes/hypergeom_edges.csv
2025-05-08 10:19:24,433 - INFO - ======================================================================
2025-05-08 10:19:24,433 - INFO - ============== CREATING ANI NETWORK FOR HERVIVIRICETES ===============
2025-05-08 10:19:24,433 - INFO - ======================================================================
2025-05-08 10:19:24,433 - INFO - Creating ANI sketches in /home/biolinux/.cache/ViruLink/Herviviricetes/ANI_sketch using --medium mode.
2025-05-08 10:19:24,439 - INFO - Calculating ANI distances (--medium mode).
